<?xml version="1.0" encoding="UTF-8"?>
<testsuite xmlns:xsi="http://www.w3.org/2001/XMLSchema-instance" xsi:noNamespaceSchemaLocation="https://maven.apache.org/surefire/maven-surefire-plugin/xsd/surefire-test-report-3.0.xsd" version="3.0" name="pt.tqs.RunCucumberTest" time="0.115" tests="8" errors="0" skipped="0" failures="0">
  <properties>
    <property name="java.specification.version" value="17"/>
    <property name="sun.jnu.encoding" value="UTF-8"/>
    <property name="java.class.path" value="/home/cristiano/TQS_108536/lab5/lab5_1/lab5_1/target/test-classes:/home/cristiano/TQS_108536/lab5/lab5_1/lab5_1/target/classes:/home/cristiano/.m2/repository/org/slf4j/slf4j-api/2.0.12/slf4j-api-2.0.12.jar:/home/cristiano/.m2/repository/ch/qos/logback/logback-classic/1.5.3/logback-classic-1.5.3.jar:/home/cristiano/.m2/repository/ch/qos/logback/logback-core/1.5.3/logback-core-1.5.3.jar:/home/cristiano/.m2/repository/org/junit/jupiter/junit-jupiter/5.10.2/junit-jupiter-5.10.2.jar:/home/cristiano/.m2/repository/org/junit/jupiter/junit-jupiter-api/5.10.2/junit-jupiter-api-5.10.2.jar:/home/cristiano/.m2/repository/org/opentest4j/opentest4j/1.3.0/opentest4j-1.3.0.jar:/home/cristiano/.m2/repository/org/junit/platform/junit-platform-commons/1.10.2/junit-platform-commons-1.10.2.jar:/home/cristiano/.m2/repository/org/junit/jupiter/junit-jupiter-params/5.10.2/junit-jupiter-params-5.10.2.jar:/home/cristiano/.m2/repository/org/junit/jupiter/junit-jupiter-engine/5.10.2/junit-jupiter-engine-5.10.2.jar:/home/cristiano/.m2/repository/org/junit/platform/junit-platform-suite/1.10.1/junit-platform-suite-1.10.1.jar:/home/cristiano/.m2/repository/org/junit/platform/junit-platform-suite-api/1.10.1/junit-platform-suite-api-1.10.1.jar:/home/cristiano/.m2/repository/org/junit/platform/junit-platform-suite-engine/1.10.1/junit-platform-suite-engine-1.10.1.jar:/home/cristiano/.m2/repository/org/junit/platform/junit-platform-suite-commons/1.10.1/junit-platform-suite-commons-1.10.1.jar:/home/cristiano/.m2/repository/org/junit/platform/junit-platform-launcher/1.10.1/junit-platform-launcher-1.10.1.jar:/home/cristiano/.m2/repository/io/cucumber/cucumber-java/7.15.0/cucumber-java-7.15.0.jar:/home/cristiano/.m2/repository/io/cucumber/cucumber-core/7.15.0/cucumber-core-7.15.0.jar:/home/cristiano/.m2/repository/io/cucumber/cucumber-gherkin/7.15.0/cucumber-gherkin-7.15.0.jar:/home/cristiano/.m2/repository/io/cucumber/cucumber-gherkin-messages/7.15.0/cucumber-gherkin-messages-7.15.0.jar:/home/cristiano/.m2/repository/io/cucumber/gherkin/26.2.0/gherkin-26.2.0.jar:/home/cristiano/.m2/repository/io/cucumber/messages/22.0.0/messages-22.0.0.jar:/home/cristiano/.m2/repository/io/cucumber/tag-expressions/6.0.0/tag-expressions-6.0.0.jar:/home/cristiano/.m2/repository/io/cucumber/cucumber-expressions/17.0.1/cucumber-expressions-17.0.1.jar:/home/cristiano/.m2/repository/io/cucumber/datatable/7.15.0/datatable-7.15.0.jar:/home/cristiano/.m2/repository/io/cucumber/cucumber-plugin/7.15.0/cucumber-plugin-7.15.0.jar:/home/cristiano/.m2/repository/io/cucumber/docstring/7.15.0/docstring-7.15.0.jar:/home/cristiano/.m2/repository/io/cucumber/html-formatter/20.4.0/html-formatter-20.4.0.jar:/home/cristiano/.m2/repository/io/cucumber/junit-xml-formatter/0.2.0/junit-xml-formatter-0.2.0.jar:/home/cristiano/.m2/repository/io/cucumber/ci-environment/10.0.0/ci-environment-10.0.0.jar:/home/cristiano/.m2/repository/org/apiguardian/apiguardian-api/1.1.2/apiguardian-api-1.1.2.jar:/home/cristiano/.m2/repository/io/cucumber/cucumber-junit-platform-engine/7.15.0/cucumber-junit-platform-engine-7.15.0.jar:/home/cristiano/.m2/repository/org/junit/platform/junit-platform-engine/1.10.1/junit-platform-engine-1.10.1.jar:"/>
    <property name="java.vm.vendor" value="Private Build"/>
    <property name="sun.arch.data.model" value="64"/>
    <property name="java.vendor.url" value="Unknown"/>
    <property name="os.name" value="Linux"/>
    <property name="java.vm.specification.version" value="17"/>
    <property name="sun.java.launcher" value="SUN_STANDARD"/>
    <property name="user.country" value="PT"/>
    <property name="sun.boot.library.path" value="/usr/lib/jvm/java-17-openjdk-amd64/lib"/>
    <property name="sun.java.command" value="/home/cristiano/TQS_108536/lab5/lab5_1/lab5_1/target/surefire/surefirebooter-20240314190129991_3.jar /home/cristiano/TQS_108536/lab5/lab5_1/lab5_1/target/surefire 2024-03-14T19-01-29_936-jvmRun1 surefire-20240314190129991_1tmp surefire_0-20240314190129991_2tmp"/>
    <property name="jdk.debug" value="release"/>
    <property name="surefire.test.class.path" value="/home/cristiano/TQS_108536/lab5/lab5_1/lab5_1/target/test-classes:/home/cristiano/TQS_108536/lab5/lab5_1/lab5_1/target/classes:/home/cristiano/.m2/repository/org/slf4j/slf4j-api/2.0.12/slf4j-api-2.0.12.jar:/home/cristiano/.m2/repository/ch/qos/logback/logback-classic/1.5.3/logback-classic-1.5.3.jar:/home/cristiano/.m2/repository/ch/qos/logback/logback-core/1.5.3/logback-core-1.5.3.jar:/home/cristiano/.m2/repository/org/junit/jupiter/junit-jupiter/5.10.2/junit-jupiter-5.10.2.jar:/home/cristiano/.m2/repository/org/junit/jupiter/junit-jupiter-api/5.10.2/junit-jupiter-api-5.10.2.jar:/home/cristiano/.m2/repository/org/opentest4j/opentest4j/1.3.0/opentest4j-1.3.0.jar:/home/cristiano/.m2/repository/org/junit/platform/junit-platform-commons/1.10.2/junit-platform-commons-1.10.2.jar:/home/cristiano/.m2/repository/org/junit/jupiter/junit-jupiter-params/5.10.2/junit-jupiter-params-5.10.2.jar:/home/cristiano/.m2/repository/org/junit/jupiter/junit-jupiter-engine/5.10.2/junit-jupiter-engine-5.10.2.jar:/home/cristiano/.m2/repository/org/junit/platform/junit-platform-suite/1.10.1/junit-platform-suite-1.10.1.jar:/home/cristiano/.m2/repository/org/junit/platform/junit-platform-suite-api/1.10.1/junit-platform-suite-api-1.10.1.jar:/home/cristiano/.m2/repository/org/junit/platform/junit-platform-suite-engine/1.10.1/junit-platform-suite-engine-1.10.1.jar:/home/cristiano/.m2/repository/org/junit/platform/junit-platform-suite-commons/1.10.1/junit-platform-suite-commons-1.10.1.jar:/home/cristiano/.m2/repository/org/junit/platform/junit-platform-launcher/1.10.1/junit-platform-launcher-1.10.1.jar:/home/cristiano/.m2/repository/io/cucumber/cucumber-java/7.15.0/cucumber-java-7.15.0.jar:/home/cristiano/.m2/repository/io/cucumber/cucumber-core/7.15.0/cucumber-core-7.15.0.jar:/home/cristiano/.m2/repository/io/cucumber/cucumber-gherkin/7.15.0/cucumber-gherkin-7.15.0.jar:/home/cristiano/.m2/repository/io/cucumber/cucumber-gherkin-messages/7.15.0/cucumber-gherkin-messages-7.15.0.jar:/home/cristiano/.m2/repository/io/cucumber/gherkin/26.2.0/gherkin-26.2.0.jar:/home/cristiano/.m2/repository/io/cucumber/messages/22.0.0/messages-22.0.0.jar:/home/cristiano/.m2/repository/io/cucumber/tag-expressions/6.0.0/tag-expressions-6.0.0.jar:/home/cristiano/.m2/repository/io/cucumber/cucumber-expressions/17.0.1/cucumber-expressions-17.0.1.jar:/home/cristiano/.m2/repository/io/cucumber/datatable/7.15.0/datatable-7.15.0.jar:/home/cristiano/.m2/repository/io/cucumber/cucumber-plugin/7.15.0/cucumber-plugin-7.15.0.jar:/home/cristiano/.m2/repository/io/cucumber/docstring/7.15.0/docstring-7.15.0.jar:/home/cristiano/.m2/repository/io/cucumber/html-formatter/20.4.0/html-formatter-20.4.0.jar:/home/cristiano/.m2/repository/io/cucumber/junit-xml-formatter/0.2.0/junit-xml-formatter-0.2.0.jar:/home/cristiano/.m2/repository/io/cucumber/ci-environment/10.0.0/ci-environment-10.0.0.jar:/home/cristiano/.m2/repository/org/apiguardian/apiguardian-api/1.1.2/apiguardian-api-1.1.2.jar:/home/cristiano/.m2/repository/io/cucumber/cucumber-junit-platform-engine/7.15.0/cucumber-junit-platform-engine-7.15.0.jar:/home/cristiano/.m2/repository/org/junit/platform/junit-platform-engine/1.10.1/junit-platform-engine-1.10.1.jar:"/>
    <property name="sun.cpu.endian" value="little"/>
    <property name="user.home" value="/home/cristiano"/>
    <property name="user.language" value="pt"/>
    <property name="java.specification.vendor" value="Oracle Corporation"/>
    <property name="java.version.date" value="2024-01-16"/>
    <property name="java.home" value="/usr/lib/jvm/java-17-openjdk-amd64"/>
    <property name="file.separator" value="/"/>
    <property name="basedir" value="/home/cristiano/TQS_108536/lab5/lab5_1/lab5_1"/>
    <property name="java.vm.compressedOopsMode" value="Zero based"/>
    <property name="line.separator" value="&#10;"/>
    <property name="java.vm.specification.vendor" value="Oracle Corporation"/>
    <property name="java.specification.name" value="Java Platform API Specification"/>
    <property name="surefire.real.class.path" value="/home/cristiano/TQS_108536/lab5/lab5_1/lab5_1/target/surefire/surefirebooter-20240314190129991_3.jar"/>
    <property name="sun.management.compiler" value="HotSpot 64-Bit Tiered Compilers"/>
    <property name="java.runtime.version" value="17.0.10+7-Ubuntu-122.04.1"/>
    <property name="user.name" value="cristiano"/>
    <property name="path.separator" value=":"/>
    <property name="os.version" value="6.5.0-25-generic"/>
    <property name="java.runtime.name" value="OpenJDK Runtime Environment"/>
    <property name="file.encoding" value="UTF-8"/>
    <property name="java.vm.name" value="OpenJDK 64-Bit Server VM"/>
    <property name="localRepository" value="/home/cristiano/.m2/repository"/>
    <property name="java.vendor.url.bug" value="Unknown"/>
    <property name="java.io.tmpdir" value="/tmp"/>
    <property name="java.version" value="17.0.10"/>
    <property name="user.dir" value="/home/cristiano/TQS_108536/lab5/lab5_1/lab5_1"/>
    <property name="os.arch" value="amd64"/>
    <property name="java.vm.specification.name" value="Java Virtual Machine Specification"/>
    <property name="native.encoding" value="UTF-8"/>
    <property name="java.library.path" value="/usr/java/packages/lib:/usr/lib/x86_64-linux-gnu/jni:/lib/x86_64-linux-gnu:/usr/lib/x86_64-linux-gnu:/usr/lib/jni:/lib:/usr/lib"/>
    <property name="java.vm.info" value="mixed mode, sharing"/>
    <property name="java.vendor" value="Private Build"/>
    <property name="java.vm.version" value="17.0.10+7-Ubuntu-122.04.1"/>
    <property name="sun.io.unicode.encoding" value="UnicodeLittle"/>
    <property name="java.class.version" value="61.0"/>
  </properties>
  <testcase name="a few cukes" classname="Belly" time="0.034">
    <system-out><![CDATA[
Scenario: a few cukes               &amp#27;[90m# pt/tqs/belly.feature:3&amp#27;[0m
  &amp#27;[32mGiven &amp#27;[0m&amp#27;[32mI have &amp#27;[0m&amp#27;[32m&amp#27;[1m42&amp#27;[0m&amp#27;[32m cukes in my belly&amp#27;[0m &amp#27;[90m# pt.tqs.StepDefinitions.I_have_cukes_in_my_belly(int)&amp#27;[0m
  &amp#27;[32mWhen &amp#27;[0m&amp#27;[32mI wait &amp#27;[0m&amp#27;[32m&amp#27;[1m1&amp#27;[0m&amp#27;[32m hour&amp#27;[0m                &amp#27;[90m# pt.tqs.StepDefinitions.i_wait_hour(java.lang.Integer)&amp#27;[0m
  &amp#27;[32mThen &amp#27;[0m&amp#27;[32mmy belly should growl&amp#27;[0m        &amp#27;[90m# pt.tqs.StepDefinitions.my_belly_should_growl()&amp#27;[0m
]]></system-out>
  </testcase>
  <testcase name="Addition" classname="Basic Arithmetic" time="0.005">
    <system-out><![CDATA[
Scenario: Addition                    &amp#27;[90m# pt/tqs/calculator.feature:6&amp#27;[0m
  &amp#27;[32mGiven &amp#27;[0m&amp#27;[32ma calculator I just turned on&amp#27;[0m &amp#27;[90m# pt.tqs.CalculatorSteps.setup()&amp#27;[0m
  &amp#27;[32mWhen &amp#27;[0m&amp#27;[32mI add &amp#27;[0m&amp#27;[32m&amp#27;[1m4&amp#27;[0m&amp#27;[32m and &amp#27;[0m&amp#27;[32m&amp#27;[1m5&amp#27;[0m                  &amp#27;[90m# pt.tqs.CalculatorSteps.add(int,int)&amp#27;[0m
  &amp#27;[32mThen &amp#27;[0m&amp#27;[32mthe result is &amp#27;[0m&amp#27;[32m&amp#27;[1m9&amp#27;[0m                &amp#27;[90m# pt.tqs.CalculatorSteps.the_result_is(double)&amp#27;[0m
]]></system-out>
  </testcase>
  <testcase name="Substraction" classname="Basic Arithmetic" time="0.003">
    <system-out><![CDATA[
Scenario: Substraction                &amp#27;[90m# pt/tqs/calculator.feature:10&amp#27;[0m
  &amp#27;[32mGiven &amp#27;[0m&amp#27;[32ma calculator I just turned on&amp#27;[0m &amp#27;[90m# pt.tqs.CalculatorSteps.setup()&amp#27;[0m
  &amp#27;[32mWhen &amp#27;[0m&amp#27;[32mI substract &amp#27;[0m&amp#27;[32m&amp#27;[1m7&amp#27;[0m&amp#27;[32m to &amp#27;[0m&amp#27;[32m&amp#27;[1m2&amp#27;[0m             &amp#27;[90m# pt.tqs.CalculatorSteps.substract(int,int)&amp#27;[0m
  &amp#27;[32mThen &amp#27;[0m&amp#27;[32mthe result is &amp#27;[0m&amp#27;[32m&amp#27;[1m5&amp#27;[0m                &amp#27;[90m# pt.tqs.CalculatorSteps.the_result_is(double)&amp#27;[0m
]]></system-out>
  </testcase>
  <testcase name="Multiply" classname="Basic Arithmetic" time="0.002">
    <system-out><![CDATA[
Scenario: Multiply                    &amp#27;[90m# pt/tqs/calculator.feature:14&amp#27;[0m
  &amp#27;[32mGiven &amp#27;[0m&amp#27;[32ma calculator I just turned on&amp#27;[0m &amp#27;[90m# pt.tqs.CalculatorSteps.setup()&amp#27;[0m
  &amp#27;[32mWhen &amp#27;[0m&amp#27;[32mI multiply &amp#27;[0m&amp#27;[32m&amp#27;[1m5&amp#27;[0m&amp#27;[32m to &amp#27;[0m&amp#27;[32m&amp#27;[1m2&amp#27;[0m              &amp#27;[90m# pt.tqs.CalculatorSteps.multiply(int,int)&amp#27;[0m
  &amp#27;[32mThen &amp#27;[0m&amp#27;[32mthe result is &amp#27;[0m&amp#27;[32m&amp#27;[1m10&amp#27;[0m               &amp#27;[90m# pt.tqs.CalculatorSteps.the_result_is(double)&amp#27;[0m
]]></system-out>
  </testcase>
  <testcase name="Divide" classname="Basic Arithmetic" time="0.002">
    <system-out><![CDATA[
Scenario: Divide                      &amp#27;[90m# pt/tqs/calculator.feature:18&amp#27;[0m
  &amp#27;[32mGiven &amp#27;[0m&amp#27;[32ma calculator I just turned on&amp#27;[0m &amp#27;[90m# pt.tqs.CalculatorSteps.setup()&amp#27;[0m
  &amp#27;[32mWhen &amp#27;[0m&amp#27;[32mI divide &amp#27;[0m&amp#27;[32m&amp#27;[1m10&amp#27;[0m&amp#27;[32m to &amp#27;[0m&amp#27;[32m&amp#27;[1m2&amp#27;[0m               &amp#27;[90m# pt.tqs.CalculatorSteps.divide(int,int)&amp#27;[0m
  &amp#27;[32mThen &amp#27;[0m&amp#27;[32mthe result is &amp#27;[0m&amp#27;[32m&amp#27;[1m5&amp#27;[0m                &amp#27;[90m# pt.tqs.CalculatorSteps.the_result_is(double)&amp#27;[0m
]]></system-out>
  </testcase>
  <testcase name="Example #1.1" classname="Single digits" time="0.004">
    <system-out><![CDATA[
Scenario Outline: Several additions   &amp#27;[90m# pt/tqs/calculator.feature:28&amp#27;[0m
  &amp#27;[32mGiven &amp#27;[0m&amp#27;[32ma calculator I just turned on&amp#27;[0m &amp#27;[90m# pt.tqs.CalculatorSteps.setup()&amp#27;[0m
  &amp#27;[32mWhen &amp#27;[0m&amp#27;[32mI add &amp#27;[0m&amp#27;[32m&amp#27;[1m1&amp#27;[0m&amp#27;[32m and &amp#27;[0m&amp#27;[32m&amp#27;[1m2&amp#27;[0m                  &amp#27;[90m# pt.tqs.CalculatorSteps.add(int,int)&amp#27;[0m
  &amp#27;[32mThen &amp#27;[0m&amp#27;[32mthe result is &amp#27;[0m&amp#27;[32m&amp#27;[1m3&amp#27;[0m                &amp#27;[90m# pt.tqs.CalculatorSteps.the_result_is(double)&amp#27;[0m
]]></system-out>
  </testcase>
  <testcase name="Example #1.2" classname="Single digits" time="0.003">
    <system-out><![CDATA[
Scenario Outline: Several additions   &amp#27;[90m# pt/tqs/calculator.feature:29&amp#27;[0m
  &amp#27;[32mGiven &amp#27;[0m&amp#27;[32ma calculator I just turned on&amp#27;[0m &amp#27;[90m# pt.tqs.CalculatorSteps.setup()&amp#27;[0m
  &amp#27;[32mWhen &amp#27;[0m&amp#27;[32mI add &amp#27;[0m&amp#27;[32m&amp#27;[1m3&amp#27;[0m&amp#27;[32m and &amp#27;[0m&amp#27;[32m&amp#27;[1m7&amp#27;[0m                  &amp#27;[90m# pt.tqs.CalculatorSteps.add(int,int)&amp#27;[0m
  &amp#27;[32mThen &amp#27;[0m&amp#27;[32mthe result is &amp#27;[0m&amp#27;[32m&amp#27;[1m10&amp#27;[0m               &amp#27;[90m# pt.tqs.CalculatorSteps.the_result_is(double)&amp#27;[0m
]]></system-out>
  </testcase>
  <testcase name="Example #1.3" classname="Single digits" time="0.002">
    <system-out><![CDATA[
Scenario Outline: Several additions   &amp#27;[90m# pt/tqs/calculator.feature:30&amp#27;[0m
  &amp#27;[32mGiven &amp#27;[0m&amp#27;[32ma calculator I just turned on&amp#27;[0m &amp#27;[90m# pt.tqs.CalculatorSteps.setup()&amp#27;[0m
  &amp#27;[32mWhen &amp#27;[0m&amp#27;[32mI add &amp#27;[0m&amp#27;[32m&amp#27;[1m13&amp#27;[0m&amp#27;[32m and &amp#27;[0m&amp#27;[32m&amp#27;[1m12&amp#27;[0m                &amp#27;[90m# pt.tqs.CalculatorSteps.add(int,int)&amp#27;[0m
  &amp#27;[32mThen &amp#27;[0m&amp#27;[32mthe result is &amp#27;[0m&amp#27;[32m&amp#27;[1m25&amp#27;[0m               &amp#27;[90m# pt.tqs.CalculatorSteps.the_result_is(double)&amp#27;[0m
]]></system-out>
  </testcase>
</testsuite>