<?xml version="1.0" encoding="UTF-8"?>
<testsuite xmlns:xsi="http://www.w3.org/2001/XMLSchema-instance" xsi:noNamespaceSchemaLocation="https://maven.apache.org/surefire/maven-surefire-plugin/xsd/surefire-test-report-3.0.xsd" version="3.0" name="hw.tqs.repositoryTest.MarkedTripRepositoryTest" time="1.156" tests="9" errors="0" skipped="0" failures="0">
  <properties>
    <property name="java.specification.version" value="17"/>
    <property name="sun.jnu.encoding" value="UTF-8"/>
    <property name="java.class.path" value="/home/cristiano/TQS_108536/hw1/bus_tickts/target/test-classes:/home/cristiano/TQS_108536/hw1/bus_tickts/target/classes:/home/cristiano/.m2/repository/org/springframework/boot/spring-boot-starter-web/3.2.4/spring-boot-starter-web-3.2.4.jar:/home/cristiano/.m2/repository/org/springframework/boot/spring-boot-starter/3.2.4/spring-boot-starter-3.2.4.jar:/home/cristiano/.m2/repository/org/springframework/boot/spring-boot-starter-logging/3.2.4/spring-boot-starter-logging-3.2.4.jar:/home/cristiano/.m2/repository/ch/qos/logback/logback-classic/1.4.14/logback-classic-1.4.14.jar:/home/cristiano/.m2/repository/ch/qos/logback/logback-core/1.4.14/logback-core-1.4.14.jar:/home/cristiano/.m2/repository/org/apache/logging/log4j/log4j-to-slf4j/2.21.1/log4j-to-slf4j-2.21.1.jar:/home/cristiano/.m2/repository/org/apache/logging/log4j/log4j-api/2.21.1/log4j-api-2.21.1.jar:/home/cristiano/.m2/repository/org/slf4j/jul-to-slf4j/2.0.12/jul-to-slf4j-2.0.12.jar:/home/cristiano/.m2/repository/jakarta/annotation/jakarta.annotation-api/2.1.1/jakarta.annotation-api-2.1.1.jar:/home/cristiano/.m2/repository/org/yaml/snakeyaml/2.2/snakeyaml-2.2.jar:/home/cristiano/.m2/repository/org/springframework/boot/spring-boot-starter-json/3.2.4/spring-boot-starter-json-3.2.4.jar:/home/cristiano/.m2/repository/com/fasterxml/jackson/datatype/jackson-datatype-jdk8/2.15.4/jackson-datatype-jdk8-2.15.4.jar:/home/cristiano/.m2/repository/com/fasterxml/jackson/module/jackson-module-parameter-names/2.15.4/jackson-module-parameter-names-2.15.4.jar:/home/cristiano/.m2/repository/org/springframework/boot/spring-boot-starter-tomcat/3.2.4/spring-boot-starter-tomcat-3.2.4.jar:/home/cristiano/.m2/repository/org/apache/tomcat/embed/tomcat-embed-core/10.1.19/tomcat-embed-core-10.1.19.jar:/home/cristiano/.m2/repository/org/apache/tomcat/embed/tomcat-embed-el/10.1.19/tomcat-embed-el-10.1.19.jar:/home/cristiano/.m2/repository/org/apache/tomcat/embed/tomcat-embed-websocket/10.1.19/tomcat-embed-websocket-10.1.19.jar:/home/cristiano/.m2/repository/org/springframework/spring-web/6.1.5/spring-web-6.1.5.jar:/home/cristiano/.m2/repository/org/springframework/spring-beans/6.1.5/spring-beans-6.1.5.jar:/home/cristiano/.m2/repository/io/micrometer/micrometer-observation/1.12.4/micrometer-observation-1.12.4.jar:/home/cristiano/.m2/repository/io/micrometer/micrometer-commons/1.12.4/micrometer-commons-1.12.4.jar:/home/cristiano/.m2/repository/org/springframework/spring-webmvc/6.1.5/spring-webmvc-6.1.5.jar:/home/cristiano/.m2/repository/org/springframework/spring-aop/6.1.5/spring-aop-6.1.5.jar:/home/cristiano/.m2/repository/org/springframework/spring-context/6.1.5/spring-context-6.1.5.jar:/home/cristiano/.m2/repository/org/springframework/spring-expression/6.1.5/spring-expression-6.1.5.jar:/home/cristiano/.m2/repository/org/springframework/boot/spring-boot-devtools/3.2.4/spring-boot-devtools-3.2.4.jar:/home/cristiano/.m2/repository/org/springframework/boot/spring-boot/3.2.4/spring-boot-3.2.4.jar:/home/cristiano/.m2/repository/org/springframework/boot/spring-boot-autoconfigure/3.2.4/spring-boot-autoconfigure-3.2.4.jar:/home/cristiano/.m2/repository/com/h2database/h2/2.2.224/h2-2.2.224.jar:/home/cristiano/.m2/repository/org/springframework/boot/spring-boot-starter-test/3.2.4/spring-boot-starter-test-3.2.4.jar:/home/cristiano/.m2/repository/org/springframework/boot/spring-boot-test/3.2.4/spring-boot-test-3.2.4.jar:/home/cristiano/.m2/repository/org/springframework/boot/spring-boot-test-autoconfigure/3.2.4/spring-boot-test-autoconfigure-3.2.4.jar:/home/cristiano/.m2/repository/com/jayway/jsonpath/json-path/2.9.0/json-path-2.9.0.jar:/home/cristiano/.m2/repository/jakarta/xml/bind/jakarta.xml.bind-api/4.0.2/jakarta.xml.bind-api-4.0.2.jar:/home/cristiano/.m2/repository/jakarta/activation/jakarta.activation-api/2.1.3/jakarta.activation-api-2.1.3.jar:/home/cristiano/.m2/repository/net/minidev/json-smart/2.5.0/json-smart-2.5.0.jar:/home/cristiano/.m2/repository/net/minidev/accessors-smart/2.5.0/accessors-smart-2.5.0.jar:/home/cristiano/.m2/repository/org/ow2/asm/asm/9.3/asm-9.3.jar:/home/cristiano/.m2/repository/org/assertj/assertj-core/3.24.2/assertj-core-3.24.2.jar:/home/cristiano/.m2/repository/org/awaitility/awaitility/4.2.0/awaitility-4.2.0.jar:/home/cristiano/.m2/repository/org/hamcrest/hamcrest/2.2/hamcrest-2.2.jar:/home/cristiano/.m2/repository/org/junit/jupiter/junit-jupiter/5.10.2/junit-jupiter-5.10.2.jar:/home/cristiano/.m2/repository/org/junit/jupiter/junit-jupiter-api/5.10.2/junit-jupiter-api-5.10.2.jar:/home/cristiano/.m2/repository/org/opentest4j/opentest4j/1.3.0/opentest4j-1.3.0.jar:/home/cristiano/.m2/repository/org/junit/platform/junit-platform-commons/1.10.2/junit-platform-commons-1.10.2.jar:/home/cristiano/.m2/repository/org/apiguardian/apiguardian-api/1.1.2/apiguardian-api-1.1.2.jar:/home/cristiano/.m2/repository/org/junit/jupiter/junit-jupiter-params/5.10.2/junit-jupiter-params-5.10.2.jar:/home/cristiano/.m2/repository/org/junit/jupiter/junit-jupiter-engine/5.10.2/junit-jupiter-engine-5.10.2.jar:/home/cristiano/.m2/repository/org/junit/platform/junit-platform-engine/1.10.2/junit-platform-engine-1.10.2.jar:/home/cristiano/.m2/repository/org/mockito/mockito-core/5.7.0/mockito-core-5.7.0.jar:/home/cristiano/.m2/repository/net/bytebuddy/byte-buddy-agent/1.14.12/byte-buddy-agent-1.14.12.jar:/home/cristiano/.m2/repository/org/objenesis/objenesis/3.3/objenesis-3.3.jar:/home/cristiano/.m2/repository/org/mockito/mockito-junit-jupiter/5.7.0/mockito-junit-jupiter-5.7.0.jar:/home/cristiano/.m2/repository/org/skyscreamer/jsonassert/1.5.1/jsonassert-1.5.1.jar:/home/cristiano/.m2/repository/com/vaadin/external/google/android-json/0.0.20131108.vaadin1/android-json-0.0.20131108.vaadin1.jar:/home/cristiano/.m2/repository/org/springframework/spring-core/6.1.5/spring-core-6.1.5.jar:/home/cristiano/.m2/repository/org/springframework/spring-jcl/6.1.5/spring-jcl-6.1.5.jar:/home/cristiano/.m2/repository/org/springframework/spring-test/6.1.5/spring-test-6.1.5.jar:/home/cristiano/.m2/repository/org/xmlunit/xmlunit-core/2.9.1/xmlunit-core-2.9.1.jar:/home/cristiano/.m2/repository/org/seleniumhq/selenium/selenium-java/3.141.59/selenium-java-3.141.59.jar:/home/cristiano/.m2/repository/org/seleniumhq/selenium/selenium-api/4.14.1/selenium-api-4.14.1.jar:/home/cristiano/.m2/repository/org/seleniumhq/selenium/selenium-chrome-driver/4.14.1/selenium-chrome-driver-4.14.1.jar:/home/cristiano/.m2/repository/org/seleniumhq/selenium/selenium-chromium-driver/4.14.1/selenium-chromium-driver-4.14.1.jar:/home/cristiano/.m2/repository/org/seleniumhq/selenium/selenium-manager/4.14.1/selenium-manager-4.14.1.jar:/home/cristiano/.m2/repository/org/seleniumhq/selenium/selenium-edge-driver/4.14.1/selenium-edge-driver-4.14.1.jar:/home/cristiano/.m2/repository/org/seleniumhq/selenium/selenium-firefox-driver/4.14.1/selenium-firefox-driver-4.14.1.jar:/home/cristiano/.m2/repository/org/seleniumhq/selenium/selenium-devtools-v85/4.14.1/selenium-devtools-v85-4.14.1.jar:/home/cristiano/.m2/repository/org/seleniumhq/selenium/selenium-http/4.14.1/selenium-http-4.14.1.jar:/home/cristiano/.m2/repository/dev/failsafe/failsafe/3.3.2/failsafe-3.3.2.jar:/home/cristiano/.m2/repository/org/seleniumhq/selenium/selenium-ie-driver/4.14.1/selenium-ie-driver-4.14.1.jar:/home/cristiano/.m2/repository/org/seleniumhq/selenium/selenium-opera-driver/3.141.59/selenium-opera-driver-3.141.59.jar:/home/cristiano/.m2/repository/org/seleniumhq/selenium/selenium-remote-driver/4.14.1/selenium-remote-driver-4.14.1.jar:/home/cristiano/.m2/repository/io/opentelemetry/opentelemetry-api/1.31.0/opentelemetry-api-1.31.0.jar:/home/cristiano/.m2/repository/io/opentelemetry/opentelemetry-context/1.31.0/opentelemetry-context-1.31.0.jar:/home/cristiano/.m2/repository/io/opentelemetry/opentelemetry-exporter-logging/1.31.0/opentelemetry-exporter-logging-1.31.0.jar:/home/cristiano/.m2/repository/io/opentelemetry/opentelemetry-sdk-common/1.31.0/opentelemetry-sdk-common-1.31.0.jar:/home/cristiano/.m2/repository/io/opentelemetry/opentelemetry-sdk-extension-autoconfigure-spi/1.31.0/opentelemetry-sdk-extension-autoconfigure-spi-1.31.0.jar:/home/cristiano/.m2/repository/io/opentelemetry/opentelemetry-sdk-extension-autoconfigure/1.31.0/opentelemetry-sdk-extension-autoconfigure-1.31.0.jar:/home/cristiano/.m2/repository/io/opentelemetry/opentelemetry-api-events/1.31.0-alpha/opentelemetry-api-events-1.31.0-alpha.jar:/home/cristiano/.m2/repository/io/opentelemetry/opentelemetry-sdk-trace/1.31.0/opentelemetry-sdk-trace-1.31.0.jar:/home/cristiano/.m2/repository/io/opentelemetry/opentelemetry-sdk/1.31.0/opentelemetry-sdk-1.31.0.jar:/home/cristiano/.m2/repository/io/opentelemetry/opentelemetry-sdk-metrics/1.31.0/opentelemetry-sdk-metrics-1.31.0.jar:/home/cristiano/.m2/repository/io/opentelemetry/opentelemetry-extension-incubator/1.31.0-alpha/opentelemetry-extension-incubator-1.31.0-alpha.jar:/home/cristiano/.m2/repository/io/opentelemetry/opentelemetry-sdk-logs/1.31.0/opentelemetry-sdk-logs-1.31.0.jar:/home/cristiano/.m2/repository/io/opentelemetry/opentelemetry-semconv/1.28.0-alpha/opentelemetry-semconv-1.28.0-alpha.jar:/home/cristiano/.m2/repository/org/seleniumhq/selenium/selenium-os/4.14.1/selenium-os-4.14.1.jar:/home/cristiano/.m2/repository/org/seleniumhq/selenium/selenium-safari-driver/4.14.1/selenium-safari-driver-4.14.1.jar:/home/cristiano/.m2/repository/org/seleniumhq/selenium/selenium-support/4.14.1/selenium-support-4.14.1.jar:/home/cristiano/.m2/repository/net/bytebuddy/byte-buddy/1.14.12/byte-buddy-1.14.12.jar:/home/cristiano/.m2/repository/org/apache/commons/commons-exec/1.3/commons-exec-1.3.jar:/home/cristiano/.m2/repository/com/google/guava/guava/25.0-jre/guava-25.0-jre.jar:/home/cristiano/.m2/repository/com/google/code/findbugs/jsr305/1.3.9/jsr305-1.3.9.jar:/home/cristiano/.m2/repository/org/checkerframework/checker-compat-qual/2.0.0/checker-compat-qual-2.0.0.jar:/home/cristiano/.m2/repository/com/google/errorprone/error_prone_annotations/2.1.3/error_prone_annotations-2.1.3.jar:/home/cristiano/.m2/repository/com/google/j2objc/j2objc-annotations/1.1/j2objc-annotations-1.1.jar:/home/cristiano/.m2/repository/org/codehaus/mojo/animal-sniffer-annotations/1.14/animal-sniffer-annotations-1.14.jar:/home/cristiano/.m2/repository/com/squareup/okhttp3/okhttp/4.12.0/okhttp-4.12.0.jar:/home/cristiano/.m2/repository/org/jetbrains/kotlin/kotlin-stdlib-jdk8/1.9.23/kotlin-stdlib-jdk8-1.9.23.jar:/home/cristiano/.m2/repository/org/jetbrains/kotlin/kotlin-stdlib/1.9.23/kotlin-stdlib-1.9.23.jar:/home/cristiano/.m2/repository/org/jetbrains/annotations/13.0/annotations-13.0.jar:/home/cristiano/.m2/repository/org/jetbrains/kotlin/kotlin-stdlib-jdk7/1.9.23/kotlin-stdlib-jdk7-1.9.23.jar:/home/cristiano/.m2/repository/com/squareup/okio/okio/1.14.0/okio-1.14.0.jar:/home/cristiano/.m2/repository/io/github/bonigarcia/selenium-jupiter/4.3.3/selenium-jupiter-4.3.3.jar:/home/cristiano/.m2/repository/org/slf4j/slf4j-api/2.0.12/slf4j-api-2.0.12.jar:/home/cristiano/.m2/repository/io/github/bonigarcia/webdrivermanager/5.3.2/webdrivermanager-5.3.2.jar:/home/cristiano/.m2/repository/com/google/code/gson/gson/2.10.1/gson-2.10.1.jar:/home/cristiano/.m2/repository/com/github/docker-java/docker-java/3.2.14/docker-java-3.2.14.jar:/home/cristiano/.m2/repository/com/github/docker-java/docker-java-core/3.2.14/docker-java-core-3.2.14.jar:/home/cristiano/.m2/repository/com/github/docker-java/docker-java-api/3.2.14/docker-java-api-3.2.14.jar:/home/cristiano/.m2/repository/commons-io/commons-io/2.6/commons-io-2.6.jar:/home/cristiano/.m2/repository/org/apache/commons/commons-compress/1.21/commons-compress-1.21.jar:/home/cristiano/.m2/repository/org/bouncycastle/bcpkix-jdk15on/1.64/bcpkix-jdk15on-1.64.jar:/home/cristiano/.m2/repository/org/bouncycastle/bcprov-jdk15on/1.64/bcprov-jdk15on-1.64.jar:/home/cristiano/.m2/repository/org/slf4j/jcl-over-slf4j/2.0.12/jcl-over-slf4j-2.0.12.jar:/home/cristiano/.m2/repository/com/github/docker-java/docker-java-transport-httpclient5/3.2.14/docker-java-transport-httpclient5-3.2.14.jar:/home/cristiano/.m2/repository/com/github/docker-java/docker-java-transport/3.2.14/docker-java-transport-3.2.14.jar:/home/cristiano/.m2/repository/net/java/dev/jna/jna/5.12.1/jna-5.12.1.jar:/home/cristiano/.m2/repository/org/brotli/dec/0.1.2/dec-0.1.2.jar:/home/cristiano/.m2/repository/org/apache/commons/commons-lang3/3.13.0/commons-lang3-3.13.0.jar:/home/cristiano/.m2/repository/org/apache/httpcomponents/client5/httpclient5/5.2.3/httpclient5-5.2.3.jar:/home/cristiano/.m2/repository/org/apache/httpcomponents/core5/httpcore5/5.2.4/httpcore5-5.2.4.jar:/home/cristiano/.m2/repository/org/apache/httpcomponents/core5/httpcore5-h2/5.2.4/httpcore5-h2-5.2.4.jar:/home/cristiano/.m2/repository/org/springframework/boot/spring-boot-starter-data-jpa/3.2.4/spring-boot-starter-data-jpa-3.2.4.jar:/home/cristiano/.m2/repository/org/springframework/boot/spring-boot-starter-aop/3.2.4/spring-boot-starter-aop-3.2.4.jar:/home/cristiano/.m2/repository/org/aspectj/aspectjweaver/1.9.21/aspectjweaver-1.9.21.jar:/home/cristiano/.m2/repository/org/springframework/boot/spring-boot-starter-jdbc/3.2.4/spring-boot-starter-jdbc-3.2.4.jar:/home/cristiano/.m2/repository/com/zaxxer/HikariCP/5.0.1/HikariCP-5.0.1.jar:/home/cristiano/.m2/repository/org/springframework/spring-jdbc/6.1.5/spring-jdbc-6.1.5.jar:/home/cristiano/.m2/repository/org/hibernate/orm/hibernate-core/6.4.4.Final/hibernate-core-6.4.4.Final.jar:/home/cristiano/.m2/repository/jakarta/persistence/jakarta.persistence-api/3.1.0/jakarta.persistence-api-3.1.0.jar:/home/cristiano/.m2/repository/jakarta/transaction/jakarta.transaction-api/2.0.1/jakarta.transaction-api-2.0.1.jar:/home/cristiano/.m2/repository/org/jboss/logging/jboss-logging/3.5.3.Final/jboss-logging-3.5.3.Final.jar:/home/cristiano/.m2/repository/org/hibernate/common/hibernate-commons-annotations/6.0.6.Final/hibernate-commons-annotations-6.0.6.Final.jar:/home/cristiano/.m2/repository/io/smallrye/jandex/3.1.2/jandex-3.1.2.jar:/home/cristiano/.m2/repository/com/fasterxml/classmate/1.6.0/classmate-1.6.0.jar:/home/cristiano/.m2/repository/org/glassfish/jaxb/jaxb-runtime/4.0.5/jaxb-runtime-4.0.5.jar:/home/cristiano/.m2/repository/org/glassfish/jaxb/jaxb-core/4.0.5/jaxb-core-4.0.5.jar:/home/cristiano/.m2/repository/org/eclipse/angus/angus-activation/2.0.2/angus-activation-2.0.2.jar:/home/cristiano/.m2/repository/org/glassfish/jaxb/txw2/4.0.5/txw2-4.0.5.jar:/home/cristiano/.m2/repository/com/sun/istack/istack-commons-runtime/4.1.2/istack-commons-runtime-4.1.2.jar:/home/cristiano/.m2/repository/jakarta/inject/jakarta.inject-api/2.0.1/jakarta.inject-api-2.0.1.jar:/home/cristiano/.m2/repository/org/antlr/antlr4-runtime/4.13.0/antlr4-runtime-4.13.0.jar:/home/cristiano/.m2/repository/org/springframework/data/spring-data-jpa/3.2.4/spring-data-jpa-3.2.4.jar:/home/cristiano/.m2/repository/org/springframework/data/spring-data-commons/3.2.4/spring-data-commons-3.2.4.jar:/home/cristiano/.m2/repository/org/springframework/spring-orm/6.1.5/spring-orm-6.1.5.jar:/home/cristiano/.m2/repository/org/springframework/spring-tx/6.1.5/spring-tx-6.1.5.jar:/home/cristiano/.m2/repository/org/springframework/spring-aspects/6.1.5/spring-aspects-6.1.5.jar:/home/cristiano/.m2/repository/org/projectlombok/lombok/1.18.30/lombok-1.18.30.jar:/home/cristiano/.m2/repository/com/mysql/mysql-connector-j/8.3.0/mysql-connector-j-8.3.0.jar:/home/cristiano/.m2/repository/com/fasterxml/jackson/datatype/jackson-datatype-jsr310/2.15.4/jackson-datatype-jsr310-2.15.4.jar:/home/cristiano/.m2/repository/com/fasterxml/jackson/core/jackson-annotations/2.15.4/jackson-annotations-2.15.4.jar:/home/cristiano/.m2/repository/com/fasterxml/jackson/core/jackson-core/2.15.4/jackson-core-2.15.4.jar:/home/cristiano/.m2/repository/com/fasterxml/jackson/core/jackson-databind/2.15.4/jackson-databind-2.15.4.jar:/home/cristiano/.m2/repository/org/seleniumhq/selenium/selenium-devtools/4.0.0-rc-1/selenium-devtools-4.0.0-rc-1.jar:/home/cristiano/.m2/repository/com/google/auto/service/auto-service-annotations/1.0/auto-service-annotations-1.0.jar:/home/cristiano/.m2/repository/com/google/auto/service/auto-service/1.0/auto-service-1.0.jar:/home/cristiano/.m2/repository/com/google/auto/auto-common/1.0/auto-common-1.0.jar:/home/cristiano/.m2/repository/org/seleniumhq/selenium/selenium-json/4.14.1/selenium-json-4.14.1.jar:/home/cristiano/.m2/repository/com/googlecode/json-simple/json-simple/1.1.1/json-simple-1.1.1.jar:/home/cristiano/.m2/repository/junit/junit/4.13.2/junit-4.13.2.jar:/home/cristiano/.m2/repository/org/hamcrest/hamcrest-core/2.2/hamcrest-core-2.2.jar:/home/cristiano/.m2/repository/org/apache/httpcomponents/httpclient/4.5.13/httpclient-4.5.13.jar:/home/cristiano/.m2/repository/org/apache/httpcomponents/httpcore/4.4.16/httpcore-4.4.16.jar:/home/cristiano/.m2/repository/commons-logging/commons-logging/1.2/commons-logging-1.2.jar:/home/cristiano/.m2/repository/commons-codec/commons-codec/1.16.1/commons-codec-1.16.1.jar:/home/cristiano/.m2/repository/org/springframework/boot/spring-boot-starter-cache/3.1.5/spring-boot-starter-cache-3.1.5.jar:/home/cristiano/.m2/repository/org/springframework/spring-context-support/6.1.5/spring-context-support-6.1.5.jar:/home/cristiano/.m2/repository/org/springdoc/springdoc-openapi-starter-webmvc-ui/2.0.2/springdoc-openapi-starter-webmvc-ui-2.0.2.jar:/home/cristiano/.m2/repository/org/springdoc/springdoc-openapi-starter-webmvc-api/2.0.2/springdoc-openapi-starter-webmvc-api-2.0.2.jar:/home/cristiano/.m2/repository/org/springdoc/springdoc-openapi-starter-common/2.0.2/springdoc-openapi-starter-common-2.0.2.jar:/home/cristiano/.m2/repository/io/swagger/core/v3/swagger-core-jakarta/2.2.7/swagger-core-jakarta-2.2.7.jar:/home/cristiano/.m2/repository/io/swagger/core/v3/swagger-annotations-jakarta/2.2.7/swagger-annotations-jakarta-2.2.7.jar:/home/cristiano/.m2/repository/io/swagger/core/v3/swagger-models-jakarta/2.2.7/swagger-models-jakarta-2.2.7.jar:/home/cristiano/.m2/repository/jakarta/validation/jakarta.validation-api/3.0.2/jakarta.validation-api-3.0.2.jar:/home/cristiano/.m2/repository/com/fasterxml/jackson/dataformat/jackson-dataformat-yaml/2.15.4/jackson-dataformat-yaml-2.15.4.jar:/home/cristiano/.m2/repository/org/webjars/swagger-ui/4.15.5/swagger-ui-4.15.5.jar:/home/cristiano/.m2/repository/org/webjars/webjars-locator-core/0.55/webjars-locator-core-0.55.jar:/home/cristiano/.m2/repository/io/github/classgraph/classgraph/4.8.149/classgraph-4.8.149.jar:"/>
    <property name="java.vm.vendor" value="Private Build"/>
    <property name="sun.arch.data.model" value="64"/>
    <property name="java.vendor.url" value="Unknown"/>
    <property name="user.timezone" value="Europe/Lisbon"/>
    <property name="org.jboss.logging.provider" value="slf4j"/>
    <property name="os.name" value="Linux"/>
    <property name="java.vm.specification.version" value="17"/>
    <property name="sun.java.launcher" value="SUN_STANDARD"/>
    <property name="user.country" value="PT"/>
    <property name="sun.boot.library.path" value="/usr/lib/jvm/java-17-openjdk-amd64/lib"/>
    <property name="sun.java.command" value="/home/cristiano/TQS_108536/hw1/bus_tickts/target/surefire/surefirebooter-20240409202520182_3.jar /home/cristiano/TQS_108536/hw1/bus_tickts/target/surefire 2024-04-09T20-25-20_125-jvmRun1 surefire-20240409202520182_1tmp surefire_0-20240409202520182_2tmp"/>
    <property name="jdk.debug" value="release"/>
    <property name="surefire.test.class.path" value="/home/cristiano/TQS_108536/hw1/bus_tickts/target/test-classes:/home/cristiano/TQS_108536/hw1/bus_tickts/target/classes:/home/cristiano/.m2/repository/org/springframework/boot/spring-boot-starter-web/3.2.4/spring-boot-starter-web-3.2.4.jar:/home/cristiano/.m2/repository/org/springframework/boot/spring-boot-starter/3.2.4/spring-boot-starter-3.2.4.jar:/home/cristiano/.m2/repository/org/springframework/boot/spring-boot-starter-logging/3.2.4/spring-boot-starter-logging-3.2.4.jar:/home/cristiano/.m2/repository/ch/qos/logback/logback-classic/1.4.14/logback-classic-1.4.14.jar:/home/cristiano/.m2/repository/ch/qos/logback/logback-core/1.4.14/logback-core-1.4.14.jar:/home/cristiano/.m2/repository/org/apache/logging/log4j/log4j-to-slf4j/2.21.1/log4j-to-slf4j-2.21.1.jar:/home/cristiano/.m2/repository/org/apache/logging/log4j/log4j-api/2.21.1/log4j-api-2.21.1.jar:/home/cristiano/.m2/repository/org/slf4j/jul-to-slf4j/2.0.12/jul-to-slf4j-2.0.12.jar:/home/cristiano/.m2/repository/jakarta/annotation/jakarta.annotation-api/2.1.1/jakarta.annotation-api-2.1.1.jar:/home/cristiano/.m2/repository/org/yaml/snakeyaml/2.2/snakeyaml-2.2.jar:/home/cristiano/.m2/repository/org/springframework/boot/spring-boot-starter-json/3.2.4/spring-boot-starter-json-3.2.4.jar:/home/cristiano/.m2/repository/com/fasterxml/jackson/datatype/jackson-datatype-jdk8/2.15.4/jackson-datatype-jdk8-2.15.4.jar:/home/cristiano/.m2/repository/com/fasterxml/jackson/module/jackson-module-parameter-names/2.15.4/jackson-module-parameter-names-2.15.4.jar:/home/cristiano/.m2/repository/org/springframework/boot/spring-boot-starter-tomcat/3.2.4/spring-boot-starter-tomcat-3.2.4.jar:/home/cristiano/.m2/repository/org/apache/tomcat/embed/tomcat-embed-core/10.1.19/tomcat-embed-core-10.1.19.jar:/home/cristiano/.m2/repository/org/apache/tomcat/embed/tomcat-embed-el/10.1.19/tomcat-embed-el-10.1.19.jar:/home/cristiano/.m2/repository/org/apache/tomcat/embed/tomcat-embed-websocket/10.1.19/tomcat-embed-websocket-10.1.19.jar:/home/cristiano/.m2/repository/org/springframework/spring-web/6.1.5/spring-web-6.1.5.jar:/home/cristiano/.m2/repository/org/springframework/spring-beans/6.1.5/spring-beans-6.1.5.jar:/home/cristiano/.m2/repository/io/micrometer/micrometer-observation/1.12.4/micrometer-observation-1.12.4.jar:/home/cristiano/.m2/repository/io/micrometer/micrometer-commons/1.12.4/micrometer-commons-1.12.4.jar:/home/cristiano/.m2/repository/org/springframework/spring-webmvc/6.1.5/spring-webmvc-6.1.5.jar:/home/cristiano/.m2/repository/org/springframework/spring-aop/6.1.5/spring-aop-6.1.5.jar:/home/cristiano/.m2/repository/org/springframework/spring-context/6.1.5/spring-context-6.1.5.jar:/home/cristiano/.m2/repository/org/springframework/spring-expression/6.1.5/spring-expression-6.1.5.jar:/home/cristiano/.m2/repository/org/springframework/boot/spring-boot-devtools/3.2.4/spring-boot-devtools-3.2.4.jar:/home/cristiano/.m2/repository/org/springframework/boot/spring-boot/3.2.4/spring-boot-3.2.4.jar:/home/cristiano/.m2/repository/org/springframework/boot/spring-boot-autoconfigure/3.2.4/spring-boot-autoconfigure-3.2.4.jar:/home/cristiano/.m2/repository/com/h2database/h2/2.2.224/h2-2.2.224.jar:/home/cristiano/.m2/repository/org/springframework/boot/spring-boot-starter-test/3.2.4/spring-boot-starter-test-3.2.4.jar:/home/cristiano/.m2/repository/org/springframework/boot/spring-boot-test/3.2.4/spring-boot-test-3.2.4.jar:/home/cristiano/.m2/repository/org/springframework/boot/spring-boot-test-autoconfigure/3.2.4/spring-boot-test-autoconfigure-3.2.4.jar:/home/cristiano/.m2/repository/com/jayway/jsonpath/json-path/2.9.0/json-path-2.9.0.jar:/home/cristiano/.m2/repository/jakarta/xml/bind/jakarta.xml.bind-api/4.0.2/jakarta.xml.bind-api-4.0.2.jar:/home/cristiano/.m2/repository/jakarta/activation/jakarta.activation-api/2.1.3/jakarta.activation-api-2.1.3.jar:/home/cristiano/.m2/repository/net/minidev/json-smart/2.5.0/json-smart-2.5.0.jar:/home/cristiano/.m2/repository/net/minidev/accessors-smart/2.5.0/accessors-smart-2.5.0.jar:/home/cristiano/.m2/repository/org/ow2/asm/asm/9.3/asm-9.3.jar:/home/cristiano/.m2/repository/org/assertj/assertj-core/3.24.2/assertj-core-3.24.2.jar:/home/cristiano/.m2/repository/org/awaitility/awaitility/4.2.0/awaitility-4.2.0.jar:/home/cristiano/.m2/repository/org/hamcrest/hamcrest/2.2/hamcrest-2.2.jar:/home/cristiano/.m2/repository/org/junit/jupiter/junit-jupiter/5.10.2/junit-jupiter-5.10.2.jar:/home/cristiano/.m2/repository/org/junit/jupiter/junit-jupiter-api/5.10.2/junit-jupiter-api-5.10.2.jar:/home/cristiano/.m2/repository/org/opentest4j/opentest4j/1.3.0/opentest4j-1.3.0.jar:/home/cristiano/.m2/repository/org/junit/platform/junit-platform-commons/1.10.2/junit-platform-commons-1.10.2.jar:/home/cristiano/.m2/repository/org/apiguardian/apiguardian-api/1.1.2/apiguardian-api-1.1.2.jar:/home/cristiano/.m2/repository/org/junit/jupiter/junit-jupiter-params/5.10.2/junit-jupiter-params-5.10.2.jar:/home/cristiano/.m2/repository/org/junit/jupiter/junit-jupiter-engine/5.10.2/junit-jupiter-engine-5.10.2.jar:/home/cristiano/.m2/repository/org/junit/platform/junit-platform-engine/1.10.2/junit-platform-engine-1.10.2.jar:/home/cristiano/.m2/repository/org/mockito/mockito-core/5.7.0/mockito-core-5.7.0.jar:/home/cristiano/.m2/repository/net/bytebuddy/byte-buddy-agent/1.14.12/byte-buddy-agent-1.14.12.jar:/home/cristiano/.m2/repository/org/objenesis/objenesis/3.3/objenesis-3.3.jar:/home/cristiano/.m2/repository/org/mockito/mockito-junit-jupiter/5.7.0/mockito-junit-jupiter-5.7.0.jar:/home/cristiano/.m2/repository/org/skyscreamer/jsonassert/1.5.1/jsonassert-1.5.1.jar:/home/cristiano/.m2/repository/com/vaadin/external/google/android-json/0.0.20131108.vaadin1/android-json-0.0.20131108.vaadin1.jar:/home/cristiano/.m2/repository/org/springframework/spring-core/6.1.5/spring-core-6.1.5.jar:/home/cristiano/.m2/repository/org/springframework/spring-jcl/6.1.5/spring-jcl-6.1.5.jar:/home/cristiano/.m2/repository/org/springframework/spring-test/6.1.5/spring-test-6.1.5.jar:/home/cristiano/.m2/repository/org/xmlunit/xmlunit-core/2.9.1/xmlunit-core-2.9.1.jar:/home/cristiano/.m2/repository/org/seleniumhq/selenium/selenium-java/3.141.59/selenium-java-3.141.59.jar:/home/cristiano/.m2/repository/org/seleniumhq/selenium/selenium-api/4.14.1/selenium-api-4.14.1.jar:/home/cristiano/.m2/repository/org/seleniumhq/selenium/selenium-chrome-driver/4.14.1/selenium-chrome-driver-4.14.1.jar:/home/cristiano/.m2/repository/org/seleniumhq/selenium/selenium-chromium-driver/4.14.1/selenium-chromium-driver-4.14.1.jar:/home/cristiano/.m2/repository/org/seleniumhq/selenium/selenium-manager/4.14.1/selenium-manager-4.14.1.jar:/home/cristiano/.m2/repository/org/seleniumhq/selenium/selenium-edge-driver/4.14.1/selenium-edge-driver-4.14.1.jar:/home/cristiano/.m2/repository/org/seleniumhq/selenium/selenium-firefox-driver/4.14.1/selenium-firefox-driver-4.14.1.jar:/home/cristiano/.m2/repository/org/seleniumhq/selenium/selenium-devtools-v85/4.14.1/selenium-devtools-v85-4.14.1.jar:/home/cristiano/.m2/repository/org/seleniumhq/selenium/selenium-http/4.14.1/selenium-http-4.14.1.jar:/home/cristiano/.m2/repository/dev/failsafe/failsafe/3.3.2/failsafe-3.3.2.jar:/home/cristiano/.m2/repository/org/seleniumhq/selenium/selenium-ie-driver/4.14.1/selenium-ie-driver-4.14.1.jar:/home/cristiano/.m2/repository/org/seleniumhq/selenium/selenium-opera-driver/3.141.59/selenium-opera-driver-3.141.59.jar:/home/cristiano/.m2/repository/org/seleniumhq/selenium/selenium-remote-driver/4.14.1/selenium-remote-driver-4.14.1.jar:/home/cristiano/.m2/repository/io/opentelemetry/opentelemetry-api/1.31.0/opentelemetry-api-1.31.0.jar:/home/cristiano/.m2/repository/io/opentelemetry/opentelemetry-context/1.31.0/opentelemetry-context-1.31.0.jar:/home/cristiano/.m2/repository/io/opentelemetry/opentelemetry-exporter-logging/1.31.0/opentelemetry-exporter-logging-1.31.0.jar:/home/cristiano/.m2/repository/io/opentelemetry/opentelemetry-sdk-common/1.31.0/opentelemetry-sdk-common-1.31.0.jar:/home/cristiano/.m2/repository/io/opentelemetry/opentelemetry-sdk-extension-autoconfigure-spi/1.31.0/opentelemetry-sdk-extension-autoconfigure-spi-1.31.0.jar:/home/cristiano/.m2/repository/io/opentelemetry/opentelemetry-sdk-extension-autoconfigure/1.31.0/opentelemetry-sdk-extension-autoconfigure-1.31.0.jar:/home/cristiano/.m2/repository/io/opentelemetry/opentelemetry-api-events/1.31.0-alpha/opentelemetry-api-events-1.31.0-alpha.jar:/home/cristiano/.m2/repository/io/opentelemetry/opentelemetry-sdk-trace/1.31.0/opentelemetry-sdk-trace-1.31.0.jar:/home/cristiano/.m2/repository/io/opentelemetry/opentelemetry-sdk/1.31.0/opentelemetry-sdk-1.31.0.jar:/home/cristiano/.m2/repository/io/opentelemetry/opentelemetry-sdk-metrics/1.31.0/opentelemetry-sdk-metrics-1.31.0.jar:/home/cristiano/.m2/repository/io/opentelemetry/opentelemetry-extension-incubator/1.31.0-alpha/opentelemetry-extension-incubator-1.31.0-alpha.jar:/home/cristiano/.m2/repository/io/opentelemetry/opentelemetry-sdk-logs/1.31.0/opentelemetry-sdk-logs-1.31.0.jar:/home/cristiano/.m2/repository/io/opentelemetry/opentelemetry-semconv/1.28.0-alpha/opentelemetry-semconv-1.28.0-alpha.jar:/home/cristiano/.m2/repository/org/seleniumhq/selenium/selenium-os/4.14.1/selenium-os-4.14.1.jar:/home/cristiano/.m2/repository/org/seleniumhq/selenium/selenium-safari-driver/4.14.1/selenium-safari-driver-4.14.1.jar:/home/cristiano/.m2/repository/org/seleniumhq/selenium/selenium-support/4.14.1/selenium-support-4.14.1.jar:/home/cristiano/.m2/repository/net/bytebuddy/byte-buddy/1.14.12/byte-buddy-1.14.12.jar:/home/cristiano/.m2/repository/org/apache/commons/commons-exec/1.3/commons-exec-1.3.jar:/home/cristiano/.m2/repository/com/google/guava/guava/25.0-jre/guava-25.0-jre.jar:/home/cristiano/.m2/repository/com/google/code/findbugs/jsr305/1.3.9/jsr305-1.3.9.jar:/home/cristiano/.m2/repository/org/checkerframework/checker-compat-qual/2.0.0/checker-compat-qual-2.0.0.jar:/home/cristiano/.m2/repository/com/google/errorprone/error_prone_annotations/2.1.3/error_prone_annotations-2.1.3.jar:/home/cristiano/.m2/repository/com/google/j2objc/j2objc-annotations/1.1/j2objc-annotations-1.1.jar:/home/cristiano/.m2/repository/org/codehaus/mojo/animal-sniffer-annotations/1.14/animal-sniffer-annotations-1.14.jar:/home/cristiano/.m2/repository/com/squareup/okhttp3/okhttp/4.12.0/okhttp-4.12.0.jar:/home/cristiano/.m2/repository/org/jetbrains/kotlin/kotlin-stdlib-jdk8/1.9.23/kotlin-stdlib-jdk8-1.9.23.jar:/home/cristiano/.m2/repository/org/jetbrains/kotlin/kotlin-stdlib/1.9.23/kotlin-stdlib-1.9.23.jar:/home/cristiano/.m2/repository/org/jetbrains/annotations/13.0/annotations-13.0.jar:/home/cristiano/.m2/repository/org/jetbrains/kotlin/kotlin-stdlib-jdk7/1.9.23/kotlin-stdlib-jdk7-1.9.23.jar:/home/cristiano/.m2/repository/com/squareup/okio/okio/1.14.0/okio-1.14.0.jar:/home/cristiano/.m2/repository/io/github/bonigarcia/selenium-jupiter/4.3.3/selenium-jupiter-4.3.3.jar:/home/cristiano/.m2/repository/org/slf4j/slf4j-api/2.0.12/slf4j-api-2.0.12.jar:/home/cristiano/.m2/repository/io/github/bonigarcia/webdrivermanager/5.3.2/webdrivermanager-5.3.2.jar:/home/cristiano/.m2/repository/com/google/code/gson/gson/2.10.1/gson-2.10.1.jar:/home/cristiano/.m2/repository/com/github/docker-java/docker-java/3.2.14/docker-java-3.2.14.jar:/home/cristiano/.m2/repository/com/github/docker-java/docker-java-core/3.2.14/docker-java-core-3.2.14.jar:/home/cristiano/.m2/repository/com/github/docker-java/docker-java-api/3.2.14/docker-java-api-3.2.14.jar:/home/cristiano/.m2/repository/commons-io/commons-io/2.6/commons-io-2.6.jar:/home/cristiano/.m2/repository/org/apache/commons/commons-compress/1.21/commons-compress-1.21.jar:/home/cristiano/.m2/repository/org/bouncycastle/bcpkix-jdk15on/1.64/bcpkix-jdk15on-1.64.jar:/home/cristiano/.m2/repository/org/bouncycastle/bcprov-jdk15on/1.64/bcprov-jdk15on-1.64.jar:/home/cristiano/.m2/repository/org/slf4j/jcl-over-slf4j/2.0.12/jcl-over-slf4j-2.0.12.jar:/home/cristiano/.m2/repository/com/github/docker-java/docker-java-transport-httpclient5/3.2.14/docker-java-transport-httpclient5-3.2.14.jar:/home/cristiano/.m2/repository/com/github/docker-java/docker-java-transport/3.2.14/docker-java-transport-3.2.14.jar:/home/cristiano/.m2/repository/net/java/dev/jna/jna/5.12.1/jna-5.12.1.jar:/home/cristiano/.m2/repository/org/brotli/dec/0.1.2/dec-0.1.2.jar:/home/cristiano/.m2/repository/org/apache/commons/commons-lang3/3.13.0/commons-lang3-3.13.0.jar:/home/cristiano/.m2/repository/org/apache/httpcomponents/client5/httpclient5/5.2.3/httpclient5-5.2.3.jar:/home/cristiano/.m2/repository/org/apache/httpcomponents/core5/httpcore5/5.2.4/httpcore5-5.2.4.jar:/home/cristiano/.m2/repository/org/apache/httpcomponents/core5/httpcore5-h2/5.2.4/httpcore5-h2-5.2.4.jar:/home/cristiano/.m2/repository/org/springframework/boot/spring-boot-starter-data-jpa/3.2.4/spring-boot-starter-data-jpa-3.2.4.jar:/home/cristiano/.m2/repository/org/springframework/boot/spring-boot-starter-aop/3.2.4/spring-boot-starter-aop-3.2.4.jar:/home/cristiano/.m2/repository/org/aspectj/aspectjweaver/1.9.21/aspectjweaver-1.9.21.jar:/home/cristiano/.m2/repository/org/springframework/boot/spring-boot-starter-jdbc/3.2.4/spring-boot-starter-jdbc-3.2.4.jar:/home/cristiano/.m2/repository/com/zaxxer/HikariCP/5.0.1/HikariCP-5.0.1.jar:/home/cristiano/.m2/repository/org/springframework/spring-jdbc/6.1.5/spring-jdbc-6.1.5.jar:/home/cristiano/.m2/repository/org/hibernate/orm/hibernate-core/6.4.4.Final/hibernate-core-6.4.4.Final.jar:/home/cristiano/.m2/repository/jakarta/persistence/jakarta.persistence-api/3.1.0/jakarta.persistence-api-3.1.0.jar:/home/cristiano/.m2/repository/jakarta/transaction/jakarta.transaction-api/2.0.1/jakarta.transaction-api-2.0.1.jar:/home/cristiano/.m2/repository/org/jboss/logging/jboss-logging/3.5.3.Final/jboss-logging-3.5.3.Final.jar:/home/cristiano/.m2/repository/org/hibernate/common/hibernate-commons-annotations/6.0.6.Final/hibernate-commons-annotations-6.0.6.Final.jar:/home/cristiano/.m2/repository/io/smallrye/jandex/3.1.2/jandex-3.1.2.jar:/home/cristiano/.m2/repository/com/fasterxml/classmate/1.6.0/classmate-1.6.0.jar:/home/cristiano/.m2/repository/org/glassfish/jaxb/jaxb-runtime/4.0.5/jaxb-runtime-4.0.5.jar:/home/cristiano/.m2/repository/org/glassfish/jaxb/jaxb-core/4.0.5/jaxb-core-4.0.5.jar:/home/cristiano/.m2/repository/org/eclipse/angus/angus-activation/2.0.2/angus-activation-2.0.2.jar:/home/cristiano/.m2/repository/org/glassfish/jaxb/txw2/4.0.5/txw2-4.0.5.jar:/home/cristiano/.m2/repository/com/sun/istack/istack-commons-runtime/4.1.2/istack-commons-runtime-4.1.2.jar:/home/cristiano/.m2/repository/jakarta/inject/jakarta.inject-api/2.0.1/jakarta.inject-api-2.0.1.jar:/home/cristiano/.m2/repository/org/antlr/antlr4-runtime/4.13.0/antlr4-runtime-4.13.0.jar:/home/cristiano/.m2/repository/org/springframework/data/spring-data-jpa/3.2.4/spring-data-jpa-3.2.4.jar:/home/cristiano/.m2/repository/org/springframework/data/spring-data-commons/3.2.4/spring-data-commons-3.2.4.jar:/home/cristiano/.m2/repository/org/springframework/spring-orm/6.1.5/spring-orm-6.1.5.jar:/home/cristiano/.m2/repository/org/springframework/spring-tx/6.1.5/spring-tx-6.1.5.jar:/home/cristiano/.m2/repository/org/springframework/spring-aspects/6.1.5/spring-aspects-6.1.5.jar:/home/cristiano/.m2/repository/org/projectlombok/lombok/1.18.30/lombok-1.18.30.jar:/home/cristiano/.m2/repository/com/mysql/mysql-connector-j/8.3.0/mysql-connector-j-8.3.0.jar:/home/cristiano/.m2/repository/com/fasterxml/jackson/datatype/jackson-datatype-jsr310/2.15.4/jackson-datatype-jsr310-2.15.4.jar:/home/cristiano/.m2/repository/com/fasterxml/jackson/core/jackson-annotations/2.15.4/jackson-annotations-2.15.4.jar:/home/cristiano/.m2/repository/com/fasterxml/jackson/core/jackson-core/2.15.4/jackson-core-2.15.4.jar:/home/cristiano/.m2/repository/com/fasterxml/jackson/core/jackson-databind/2.15.4/jackson-databind-2.15.4.jar:/home/cristiano/.m2/repository/org/seleniumhq/selenium/selenium-devtools/4.0.0-rc-1/selenium-devtools-4.0.0-rc-1.jar:/home/cristiano/.m2/repository/com/google/auto/service/auto-service-annotations/1.0/auto-service-annotations-1.0.jar:/home/cristiano/.m2/repository/com/google/auto/service/auto-service/1.0/auto-service-1.0.jar:/home/cristiano/.m2/repository/com/google/auto/auto-common/1.0/auto-common-1.0.jar:/home/cristiano/.m2/repository/org/seleniumhq/selenium/selenium-json/4.14.1/selenium-json-4.14.1.jar:/home/cristiano/.m2/repository/com/googlecode/json-simple/json-simple/1.1.1/json-simple-1.1.1.jar:/home/cristiano/.m2/repository/junit/junit/4.13.2/junit-4.13.2.jar:/home/cristiano/.m2/repository/org/hamcrest/hamcrest-core/2.2/hamcrest-core-2.2.jar:/home/cristiano/.m2/repository/org/apache/httpcomponents/httpclient/4.5.13/httpclient-4.5.13.jar:/home/cristiano/.m2/repository/org/apache/httpcomponents/httpcore/4.4.16/httpcore-4.4.16.jar:/home/cristiano/.m2/repository/commons-logging/commons-logging/1.2/commons-logging-1.2.jar:/home/cristiano/.m2/repository/commons-codec/commons-codec/1.16.1/commons-codec-1.16.1.jar:/home/cristiano/.m2/repository/org/springframework/boot/spring-boot-starter-cache/3.1.5/spring-boot-starter-cache-3.1.5.jar:/home/cristiano/.m2/repository/org/springframework/spring-context-support/6.1.5/spring-context-support-6.1.5.jar:/home/cristiano/.m2/repository/org/springdoc/springdoc-openapi-starter-webmvc-ui/2.0.2/springdoc-openapi-starter-webmvc-ui-2.0.2.jar:/home/cristiano/.m2/repository/org/springdoc/springdoc-openapi-starter-webmvc-api/2.0.2/springdoc-openapi-starter-webmvc-api-2.0.2.jar:/home/cristiano/.m2/repository/org/springdoc/springdoc-openapi-starter-common/2.0.2/springdoc-openapi-starter-common-2.0.2.jar:/home/cristiano/.m2/repository/io/swagger/core/v3/swagger-core-jakarta/2.2.7/swagger-core-jakarta-2.2.7.jar:/home/cristiano/.m2/repository/io/swagger/core/v3/swagger-annotations-jakarta/2.2.7/swagger-annotations-jakarta-2.2.7.jar:/home/cristiano/.m2/repository/io/swagger/core/v3/swagger-models-jakarta/2.2.7/swagger-models-jakarta-2.2.7.jar:/home/cristiano/.m2/repository/jakarta/validation/jakarta.validation-api/3.0.2/jakarta.validation-api-3.0.2.jar:/home/cristiano/.m2/repository/com/fasterxml/jackson/dataformat/jackson-dataformat-yaml/2.15.4/jackson-dataformat-yaml-2.15.4.jar:/home/cristiano/.m2/repository/org/webjars/swagger-ui/4.15.5/swagger-ui-4.15.5.jar:/home/cristiano/.m2/repository/org/webjars/webjars-locator-core/0.55/webjars-locator-core-0.55.jar:/home/cristiano/.m2/repository/io/github/classgraph/classgraph/4.8.149/classgraph-4.8.149.jar:"/>
    <property name="sun.cpu.endian" value="little"/>
    <property name="user.home" value="/home/cristiano"/>
    <property name="user.language" value="pt"/>
    <property name="java.specification.vendor" value="Oracle Corporation"/>
    <property name="java.version.date" value="2024-01-16"/>
    <property name="java.home" value="/usr/lib/jvm/java-17-openjdk-amd64"/>
    <property name="file.separator" value="/"/>
    <property name="basedir" value="/home/cristiano/TQS_108536/hw1/bus_tickts"/>
    <property name="java.vm.compressedOopsMode" value="Zero based"/>
    <property name="line.separator" value="&#10;"/>
    <property name="java.specification.name" value="Java Platform API Specification"/>
    <property name="java.vm.specification.vendor" value="Oracle Corporation"/>
    <property name="FILE_LOG_CHARSET" value="UTF-8"/>
    <property name="java.awt.headless" value="true"/>
    <property name="surefire.real.class.path" value="/home/cristiano/TQS_108536/hw1/bus_tickts/target/surefire/surefirebooter-20240409202520182_3.jar"/>
    <property name="sun.management.compiler" value="HotSpot 64-Bit Tiered Compilers"/>
    <property name="java.runtime.version" value="17.0.10+7-Ubuntu-122.04.1"/>
    <property name="user.name" value="cristiano"/>
    <property name="path.separator" value=":"/>
    <property name="os.version" value="6.5.0-26-generic"/>
    <property name="java.runtime.name" value="OpenJDK Runtime Environment"/>
    <property name="file.encoding" value="UTF-8"/>
    <property name="java.vm.name" value="OpenJDK 64-Bit Server VM"/>
    <property name="localRepository" value="/home/cristiano/.m2/repository"/>
    <property name="java.vendor.url.bug" value="Unknown"/>
    <property name="java.io.tmpdir" value="/tmp"/>
    <property name="com.zaxxer.hikari.pool_number" value="2"/>
    <property name="java.version" value="17.0.10"/>
    <property name="user.dir" value="/home/cristiano/TQS_108536/hw1/bus_tickts"/>
    <property name="os.arch" value="amd64"/>
    <property name="java.vm.specification.name" value="Java Virtual Machine Specification"/>
    <property name="PID" value="1669923"/>
    <property name="CONSOLE_LOG_CHARSET" value="UTF-8"/>
    <property name="native.encoding" value="UTF-8"/>
    <property name="sonar.projectKey" value="hw1-tqs-108536_hw1-travelease"/>
    <property name="java.library.path" value="/usr/java/packages/lib:/usr/lib/x86_64-linux-gnu/jni:/lib/x86_64-linux-gnu:/usr/lib/x86_64-linux-gnu:/usr/lib/jni:/lib:/usr/lib"/>
    <property name="java.vm.info" value="mixed mode, sharing"/>
    <property name="java.vendor" value="Private Build"/>
    <property name="java.vm.version" value="17.0.10+7-Ubuntu-122.04.1"/>
    <property name="sun.io.unicode.encoding" value="UnicodeLittle"/>
    <property name="java.class.version" value="61.0"/>
  </properties>
  <testcase name="testExistsMarkedTripById" classname="hw.tqs.repositoryTest.MarkedTripRepositoryTest" time="0.31">
    <system-out><![CDATA[2024-04-09T20:25:31.698+01:00  INFO 1669923 --- [           main] t.c.s.AnnotationConfigContextLoaderUtils : Could not detect default configuration classes for test class [hw.tqs.repositoryTest.MarkedTripRepositoryTest]: MarkedTripRepositoryTest does not declare any static, non-private, non-final, nested classes annotated with @Configuration.
2024-04-09T20:25:31.725+01:00  INFO 1669923 --- [           main] .b.t.c.SpringBootTestContextBootstrapper : Found @SpringBootConfiguration hw.tqs.Main for test class hw.tqs.repositoryTest.MarkedTripRepositoryTest
2024-04-09T20:25:31.729+01:00  INFO 1669923 --- [           main] o.s.b.d.r.RestartApplicationListener     : Restart disabled due to context in which it is running

  .   ____          _            __ _ _
 /\\ / ___'_ __ _ _(_)_ __  __ _ \ \ \ \
( ( )\___ | '_ | '_| | '_ \/ _` | \ \ \ \
 \\/  ___)| |_)| | | | | || (_| |  ) ) ) )
  '  |____| .__|_| |_|_| |_\__, | / / / /
 =========|_|==============|___/=/_/_/_/
 :: Spring Boot ::                (v3.2.4)

2024-04-09T20:25:31.759+01:00  INFO 1669923 --- [           main] h.t.r.MarkedTripRepositoryTest           : Starting MarkedTripRepositoryTest using Java 17.0.10 with PID 1669923 (started by cristiano in /home/cristiano/TQS_108536/hw1/bus_tickts)
2024-04-09T20:25:31.760+01:00  INFO 1669923 --- [           main] h.t.r.MarkedTripRepositoryTest           : No active profile set, falling back to 1 default profile: "default"
2024-04-09T20:25:31.822+01:00  INFO 1669923 --- [           main] .s.d.r.c.RepositoryConfigurationDelegate : Bootstrapping Spring Data JPA repositories in DEFAULT mode.
2024-04-09T20:25:31.831+01:00  INFO 1669923 --- [           main] .s.d.r.c.RepositoryConfigurationDelegate : Finished Spring Data repository scanning in 8 ms. Found 2 JPA repository interfaces.
2024-04-09T20:25:31.902+01:00  INFO 1669923 --- [           main] o.hibernate.jpa.internal.util.LogHelper  : HHH000204: Processing PersistenceUnitInfo [name: default]
2024-04-09T20:25:31.909+01:00  INFO 1669923 --- [           main] o.h.c.internal.RegionFactoryInitiator    : HHH000026: Second-level cache disabled
2024-04-09T20:25:31.916+01:00  INFO 1669923 --- [           main] o.s.o.j.p.SpringPersistenceUnitInfo      : No LoadTimeWeaver setup: ignoring JPA class transformer
2024-04-09T20:25:31.918+01:00  INFO 1669923 --- [           main] com.zaxxer.hikari.HikariDataSource       : HikariPool-2 - Starting...
2024-04-09T20:25:31.993+01:00  INFO 1669923 --- [           main] com.zaxxer.hikari.pool.HikariPool        : HikariPool-2 - Added connection com.mysql.cj.jdbc.ConnectionImpl@261a5ba4
2024-04-09T20:25:31.994+01:00  INFO 1669923 --- [           main] com.zaxxer.hikari.HikariDataSource       : HikariPool-2 - Start completed.
2024-04-09T20:25:31.996+01:00  WARN 1669923 --- [           main] org.hibernate.dialect.Dialect            : HHH000511: The 5.7.41 version for [org.hibernate.dialect.MySQLDialect] is no longer supported, hence certain features may not work properly. The minimum supported version is 8.0.0. Check the community dialects project for available legacy versions.
2024-04-09T20:25:31.997+01:00  WARN 1669923 --- [           main] org.hibernate.orm.deprecation            : HHH90000025: MySQLDialect does not need to be specified explicitly using 'hibernate.dialect' (remove the property setting and it will be selected by default)
2024-04-09T20:25:32.113+01:00  INFO 1669923 --- [           main] o.h.e.t.j.p.i.JtaPlatformInitiator       : HHH000489: No JTA platform available (set 'hibernate.transaction.jta.platform' to enable JTA platform integration)
2024-04-09T20:25:32.125+01:00  INFO 1669923 --- [           main] j.LocalContainerEntityManagerFactoryBean : Initialized JPA EntityManagerFactory for persistence unit 'default'
2024-04-09T20:25:32.257+01:00  INFO 1669923 --- [           main] h.t.r.MarkedTripRepositoryTest           : Started MarkedTripRepositoryTest in 0.528 seconds (process running for 12.029)
Hibernate: insert into trips (arrival_time,departure_date,departure_time,destination,occupied_seats,origin,price,seats) values (?,?,?,?,?,?,?,?)
Hibernate: select next_val as id_val from marked_trips_seq for update
Hibernate: update marked_trips_seq set next_val= ? where next_val=?
Hibernate: insert into marked_trips (address,card_number,card_type,city,email,name,nif,num_passagers_adults,num_passagers_children,phone,seats,tripid,zip_code,id) values (?,?,?,?,?,?,?,?,?,?,?,?,?,?)
Hibernate: insert into marked_trips (address,card_number,card_type,city,email,name,nif,num_passagers_adults,num_passagers_children,phone,seats,tripid,zip_code,id) values (?,?,?,?,?,?,?,?,?,?,?,?,?,?)
Hibernate: select mt1_0.id from marked_trips mt1_0 where mt1_0.id=? limit ?
]]></system-out>
  </testcase>
  <testcase name="testSaveMarkedTrip" classname="hw.tqs.repositoryTest.MarkedTripRepositoryTest" time="0.019">
    <system-out><![CDATA[Hibernate: insert into trips (arrival_time,departure_date,departure_time,destination,occupied_seats,origin,price,seats) values (?,?,?,?,?,?,?,?)
]]></system-out>
  </testcase>
  <testcase name="testFindMarkedTripById" classname="hw.tqs.repositoryTest.MarkedTripRepositoryTest" time="0.058">
    <system-out><![CDATA[Hibernate: insert into trips (arrival_time,departure_date,departure_time,destination,occupied_seats,origin,price,seats) values (?,?,?,?,?,?,?,?)
Hibernate: insert into marked_trips (address,card_number,card_type,city,email,name,nif,num_passagers_adults,num_passagers_children,phone,seats,tripid,zip_code,id) values (?,?,?,?,?,?,?,?,?,?,?,?,?,?)
Hibernate: insert into marked_trips (address,card_number,card_type,city,email,name,nif,num_passagers_adults,num_passagers_children,phone,seats,tripid,zip_code,id) values (?,?,?,?,?,?,?,?,?,?,?,?,?,?)
Hibernate: select mt1_0.id,mt1_0.address,mt1_0.card_number,mt1_0.card_type,mt1_0.city,mt1_0.email,mt1_0.name,mt1_0.nif,mt1_0.num_passagers_adults,mt1_0.num_passagers_children,mt1_0.phone,mt1_0.seats,mt1_0.tripid,mt1_0.zip_code from marked_trips mt1_0 where mt1_0.id=?
]]></system-out>
  </testcase>
  <testcase name="testDeleteMarkedTripByIdNotFound" classname="hw.tqs.repositoryTest.MarkedTripRepositoryTest" time="0.032">
    <system-out><![CDATA[Hibernate: insert into trips (arrival_time,departure_date,departure_time,destination,occupied_seats,origin,price,seats) values (?,?,?,?,?,?,?,?)
Hibernate: insert into marked_trips (address,card_number,card_type,city,email,name,nif,num_passagers_adults,num_passagers_children,phone,seats,tripid,zip_code,id) values (?,?,?,?,?,?,?,?,?,?,?,?,?,?)
Hibernate: insert into marked_trips (address,card_number,card_type,city,email,name,nif,num_passagers_adults,num_passagers_children,phone,seats,tripid,zip_code,id) values (?,?,?,?,?,?,?,?,?,?,?,?,?,?)
Hibernate: select mt1_0.id,mt1_0.address,mt1_0.card_number,mt1_0.card_type,mt1_0.city,mt1_0.email,mt1_0.name,mt1_0.nif,mt1_0.num_passagers_adults,mt1_0.num_passagers_children,mt1_0.phone,mt1_0.seats,mt1_0.tripid,mt1_0.zip_code from marked_trips mt1_0 where mt1_0.id=?
Hibernate: select mt1_0.id from marked_trips mt1_0 where mt1_0.id=? limit ?
]]></system-out>
  </testcase>
  <testcase name="testFindMarkedTripByTripID" classname="hw.tqs.repositoryTest.MarkedTripRepositoryTest" time="0.049">
    <system-out><![CDATA[Hibernate: insert into trips (arrival_time,departure_date,departure_time,destination,occupied_seats,origin,price,seats) values (?,?,?,?,?,?,?,?)
Hibernate: insert into marked_trips (address,card_number,card_type,city,email,name,nif,num_passagers_adults,num_passagers_children,phone,seats,tripid,zip_code,id) values (?,?,?,?,?,?,?,?,?,?,?,?,?,?)
Hibernate: insert into marked_trips (address,card_number,card_type,city,email,name,nif,num_passagers_adults,num_passagers_children,phone,seats,tripid,zip_code,id) values (?,?,?,?,?,?,?,?,?,?,?,?,?,?)
Hibernate: select mt1_0.id,mt1_0.address,mt1_0.card_number,mt1_0.card_type,mt1_0.city,mt1_0.email,mt1_0.name,mt1_0.nif,mt1_0.num_passagers_adults,mt1_0.num_passagers_children,mt1_0.phone,mt1_0.seats,mt1_0.tripid,mt1_0.zip_code from marked_trips mt1_0 where mt1_0.tripid=?
]]></system-out>
  </testcase>
  <testcase name="testFindMarkedTripByTripIDNotFound" classname="hw.tqs.repositoryTest.MarkedTripRepositoryTest" time="0.023">
    <system-out><![CDATA[Hibernate: insert into trips (arrival_time,departure_date,departure_time,destination,occupied_seats,origin,price,seats) values (?,?,?,?,?,?,?,?)
Hibernate: insert into marked_trips (address,card_number,card_type,city,email,name,nif,num_passagers_adults,num_passagers_children,phone,seats,tripid,zip_code,id) values (?,?,?,?,?,?,?,?,?,?,?,?,?,?)
Hibernate: insert into marked_trips (address,card_number,card_type,city,email,name,nif,num_passagers_adults,num_passagers_children,phone,seats,tripid,zip_code,id) values (?,?,?,?,?,?,?,?,?,?,?,?,?,?)
Hibernate: select mt1_0.id,mt1_0.address,mt1_0.card_number,mt1_0.card_type,mt1_0.city,mt1_0.email,mt1_0.name,mt1_0.nif,mt1_0.num_passagers_adults,mt1_0.num_passagers_children,mt1_0.phone,mt1_0.seats,mt1_0.tripid,mt1_0.zip_code from marked_trips mt1_0 where mt1_0.tripid=?
]]></system-out>
  </testcase>
  <testcase name="testExistsMarkedTripByIdNotFound" classname="hw.tqs.repositoryTest.MarkedTripRepositoryTest" time="0.023">
    <system-out><![CDATA[Hibernate: insert into trips (arrival_time,departure_date,departure_time,destination,occupied_seats,origin,price,seats) values (?,?,?,?,?,?,?,?)
Hibernate: insert into marked_trips (address,card_number,card_type,city,email,name,nif,num_passagers_adults,num_passagers_children,phone,seats,tripid,zip_code,id) values (?,?,?,?,?,?,?,?,?,?,?,?,?,?)
Hibernate: insert into marked_trips (address,card_number,card_type,city,email,name,nif,num_passagers_adults,num_passagers_children,phone,seats,tripid,zip_code,id) values (?,?,?,?,?,?,?,?,?,?,?,?,?,?)
Hibernate: select mt1_0.id from marked_trips mt1_0 where mt1_0.id=? limit ?
]]></system-out>
  </testcase>
  <testcase name="testDeleteMarkedTripById" classname="hw.tqs.repositoryTest.MarkedTripRepositoryTest" time="0.037">
    <system-out><![CDATA[Hibernate: insert into trips (arrival_time,departure_date,departure_time,destination,occupied_seats,origin,price,seats) values (?,?,?,?,?,?,?,?)
Hibernate: insert into marked_trips (address,card_number,card_type,city,email,name,nif,num_passagers_adults,num_passagers_children,phone,seats,tripid,zip_code,id) values (?,?,?,?,?,?,?,?,?,?,?,?,?,?)
Hibernate: insert into marked_trips (address,card_number,card_type,city,email,name,nif,num_passagers_adults,num_passagers_children,phone,seats,tripid,zip_code,id) values (?,?,?,?,?,?,?,?,?,?,?,?,?,?)
Hibernate: select mt1_0.id,mt1_0.address,mt1_0.card_number,mt1_0.card_type,mt1_0.city,mt1_0.email,mt1_0.name,mt1_0.nif,mt1_0.num_passagers_adults,mt1_0.num_passagers_children,mt1_0.phone,mt1_0.seats,mt1_0.tripid,mt1_0.zip_code from marked_trips mt1_0 where mt1_0.id=?
Hibernate: delete from marked_trips where id=?
Hibernate: select mt1_0.id from marked_trips mt1_0 where mt1_0.id=? limit ?
Hibernate: select mt1_0.id,mt1_0.address,mt1_0.card_number,mt1_0.card_type,mt1_0.city,mt1_0.email,mt1_0.name,mt1_0.nif,mt1_0.num_passagers_adults,mt1_0.num_passagers_children,mt1_0.phone,mt1_0.seats,mt1_0.tripid,mt1_0.zip_code from marked_trips mt1_0 where mt1_0.id=?
]]></system-out>
  </testcase>
  <testcase name="testFindMarkedTripByIdNotFound" classname="hw.tqs.repositoryTest.MarkedTripRepositoryTest" time="0.024">
    <system-out><![CDATA[Hibernate: insert into trips (arrival_time,departure_date,departure_time,destination,occupied_seats,origin,price,seats) values (?,?,?,?,?,?,?,?)
Hibernate: insert into marked_trips (address,card_number,card_type,city,email,name,nif,num_passagers_adults,num_passagers_children,phone,seats,tripid,zip_code,id) values (?,?,?,?,?,?,?,?,?,?,?,?,?,?)
Hibernate: insert into marked_trips (address,card_number,card_type,city,email,name,nif,num_passagers_adults,num_passagers_children,phone,seats,tripid,zip_code,id) values (?,?,?,?,?,?,?,?,?,?,?,?,?,?)
Hibernate: select mt1_0.id,mt1_0.address,mt1_0.card_number,mt1_0.card_type,mt1_0.city,mt1_0.email,mt1_0.name,mt1_0.nif,mt1_0.num_passagers_adults,mt1_0.num_passagers_children,mt1_0.phone,mt1_0.seats,mt1_0.tripid,mt1_0.zip_code from marked_trips mt1_0 where mt1_0.id=?
]]></system-out>
  </testcase>
</testsuite>