<?xml version="1.0" encoding="UTF-8"?>
<testsuite xmlns:xsi="http://www.w3.org/2001/XMLSchema-instance" xsi:noNamespaceSchemaLocation="https://maven.apache.org/surefire/maven-surefire-plugin/xsd/surefire-test-report-3.0.xsd" version="3.0" name="tqs.lab5.CucumberWebTest" time="3.367" tests="1" errors="0" skipped="0" failures="0">
  <properties>
    <property name="java.specification.version" value="17"/>
    <property name="webdriver.chrome.driver" value="/home/cristiano/.cache/selenium/chromedriver/linux64/114.0.5735.90/chromedriver"/>
    <property name="sun.jnu.encoding" value="UTF-8"/>
    <property name="java.class.path" value="/home/cristiano/TQS_108536/lab5/lab5_3/lab5_3/target/test-classes:/home/cristiano/TQS_108536/lab5/lab5_3/lab5_3/target/classes:/home/cristiano/.m2/repository/org/slf4j/slf4j-api/2.0.6/slf4j-api-2.0.6.jar:/home/cristiano/.m2/repository/ch/qos/logback/logback-classic/1.4.6/logback-classic-1.4.6.jar:/home/cristiano/.m2/repository/ch/qos/logback/logback-core/1.4.6/logback-core-1.4.6.jar:/home/cristiano/.m2/repository/org/junit/jupiter/junit-jupiter/5.9.2/junit-jupiter-5.9.2.jar:/home/cristiano/.m2/repository/org/junit/jupiter/junit-jupiter-api/5.9.2/junit-jupiter-api-5.9.2.jar:/home/cristiano/.m2/repository/org/opentest4j/opentest4j/1.2.0/opentest4j-1.2.0.jar:/home/cristiano/.m2/repository/org/junit/platform/junit-platform-commons/1.9.2/junit-platform-commons-1.9.2.jar:/home/cristiano/.m2/repository/org/junit/jupiter/junit-jupiter-params/5.9.2/junit-jupiter-params-5.9.2.jar:/home/cristiano/.m2/repository/org/junit/jupiter/junit-jupiter-engine/5.9.2/junit-jupiter-engine-5.9.2.jar:/home/cristiano/.m2/repository/org/junit/platform/junit-platform-suite/1.9.2/junit-platform-suite-1.9.2.jar:/home/cristiano/.m2/repository/org/junit/platform/junit-platform-suite-api/1.9.2/junit-platform-suite-api-1.9.2.jar:/home/cristiano/.m2/repository/org/junit/platform/junit-platform-suite-engine/1.9.2/junit-platform-suite-engine-1.9.2.jar:/home/cristiano/.m2/repository/org/junit/platform/junit-platform-suite-commons/1.9.2/junit-platform-suite-commons-1.9.2.jar:/home/cristiano/.m2/repository/org/junit/platform/junit-platform-launcher/1.9.2/junit-platform-launcher-1.9.2.jar:/home/cristiano/.m2/repository/io/cucumber/cucumber-java/7.11.1/cucumber-java-7.11.1.jar:/home/cristiano/.m2/repository/io/cucumber/cucumber-core/7.11.1/cucumber-core-7.11.1.jar:/home/cristiano/.m2/repository/io/cucumber/cucumber-gherkin/7.11.1/cucumber-gherkin-7.11.1.jar:/home/cristiano/.m2/repository/io/cucumber/cucumber-gherkin-messages/7.11.1/cucumber-gherkin-messages-7.11.1.jar:/home/cristiano/.m2/repository/io/cucumber/gherkin/26.0.3/gherkin-26.0.3.jar:/home/cristiano/.m2/repository/io/cucumber/messages/21.0.1/messages-21.0.1.jar:/home/cristiano/.m2/repository/io/cucumber/tag-expressions/5.0.1/tag-expressions-5.0.1.jar:/home/cristiano/.m2/repository/io/cucumber/cucumber-expressions/16.1.2/cucumber-expressions-16.1.2.jar:/home/cristiano/.m2/repository/io/cucumber/datatable/7.11.1/datatable-7.11.1.jar:/home/cristiano/.m2/repository/io/cucumber/cucumber-plugin/7.11.1/cucumber-plugin-7.11.1.jar:/home/cristiano/.m2/repository/io/cucumber/docstring/7.11.1/docstring-7.11.1.jar:/home/cristiano/.m2/repository/io/cucumber/html-formatter/20.2.1/html-formatter-20.2.1.jar:/home/cristiano/.m2/repository/io/cucumber/junit-xml-formatter/0.1.0/junit-xml-formatter-0.1.0.jar:/home/cristiano/.m2/repository/io/cucumber/ci-environment/9.1.0/ci-environment-9.1.0.jar:/home/cristiano/.m2/repository/org/apiguardian/apiguardian-api/1.1.2/apiguardian-api-1.1.2.jar:/home/cristiano/.m2/repository/io/cucumber/cucumber-junit-platform-engine/7.11.1/cucumber-junit-platform-engine-7.11.1.jar:/home/cristiano/.m2/repository/org/junit/platform/junit-platform-engine/1.9.2/junit-platform-engine-1.9.2.jar:/home/cristiano/.m2/repository/org/seleniumhq/selenium/selenium-java/4.8.1/selenium-java-4.8.1.jar:/home/cristiano/.m2/repository/org/seleniumhq/selenium/selenium-api/4.8.1/selenium-api-4.8.1.jar:/home/cristiano/.m2/repository/org/seleniumhq/selenium/selenium-chrome-driver/4.8.1/selenium-chrome-driver-4.8.1.jar:/home/cristiano/.m2/repository/com/google/auto/service/auto-service-annotations/1.0.1/auto-service-annotations-1.0.1.jar:/home/cristiano/.m2/repository/com/google/auto/service/auto-service/1.0.1/auto-service-1.0.1.jar:/home/cristiano/.m2/repository/com/google/auto/auto-common/1.2/auto-common-1.2.jar:/home/cristiano/.m2/repository/com/google/guava/guava/31.1-jre/guava-31.1-jre.jar:/home/cristiano/.m2/repository/com/google/guava/failureaccess/1.0.1/failureaccess-1.0.1.jar:/home/cristiano/.m2/repository/com/google/guava/listenablefuture/9999.0-empty-to-avoid-conflict-with-guava/listenablefuture-9999.0-empty-to-avoid-conflict-with-guava.jar:/home/cristiano/.m2/repository/com/google/code/findbugs/jsr305/3.0.2/jsr305-3.0.2.jar:/home/cristiano/.m2/repository/org/checkerframework/checker-qual/3.12.0/checker-qual-3.12.0.jar:/home/cristiano/.m2/repository/com/google/errorprone/error_prone_annotations/2.11.0/error_prone_annotations-2.11.0.jar:/home/cristiano/.m2/repository/com/google/j2objc/j2objc-annotations/1.3/j2objc-annotations-1.3.jar:/home/cristiano/.m2/repository/org/seleniumhq/selenium/selenium-chromium-driver/4.8.1/selenium-chromium-driver-4.8.1.jar:/home/cristiano/.m2/repository/org/seleniumhq/selenium/selenium-json/4.8.1/selenium-json-4.8.1.jar:/home/cristiano/.m2/repository/org/seleniumhq/selenium/selenium-devtools-v108/4.8.1/selenium-devtools-v108-4.8.1.jar:/home/cristiano/.m2/repository/org/seleniumhq/selenium/selenium-devtools-v109/4.8.1/selenium-devtools-v109-4.8.1.jar:/home/cristiano/.m2/repository/org/seleniumhq/selenium/selenium-devtools-v110/4.8.1/selenium-devtools-v110-4.8.1.jar:/home/cristiano/.m2/repository/org/seleniumhq/selenium/selenium-devtools-v85/4.8.1/selenium-devtools-v85-4.8.1.jar:/home/cristiano/.m2/repository/org/seleniumhq/selenium/selenium-edge-driver/4.8.1/selenium-edge-driver-4.8.1.jar:/home/cristiano/.m2/repository/org/seleniumhq/selenium/selenium-firefox-driver/4.8.1/selenium-firefox-driver-4.8.1.jar:/home/cristiano/.m2/repository/org/seleniumhq/selenium/selenium-http/4.8.1/selenium-http-4.8.1.jar:/home/cristiano/.m2/repository/dev/failsafe/failsafe/3.3.0/failsafe-3.3.0.jar:/home/cristiano/.m2/repository/org/seleniumhq/selenium/selenium-ie-driver/4.8.1/selenium-ie-driver-4.8.1.jar:/home/cristiano/.m2/repository/org/seleniumhq/selenium/selenium-remote-driver/4.8.1/selenium-remote-driver-4.8.1.jar:/home/cristiano/.m2/repository/com/beust/jcommander/1.82/jcommander-1.82.jar:/home/cristiano/.m2/repository/io/netty/netty-buffer/4.1.87.Final/netty-buffer-4.1.87.Final.jar:/home/cristiano/.m2/repository/io/netty/netty-codec-http/4.1.87.Final/netty-codec-http-4.1.87.Final.jar:/home/cristiano/.m2/repository/io/netty/netty-codec/4.1.87.Final/netty-codec-4.1.87.Final.jar:/home/cristiano/.m2/repository/io/netty/netty-handler/4.1.87.Final/netty-handler-4.1.87.Final.jar:/home/cristiano/.m2/repository/io/netty/netty-common/4.1.87.Final/netty-common-4.1.87.Final.jar:/home/cristiano/.m2/repository/io/netty/netty-transport-classes-epoll/4.1.87.Final/netty-transport-classes-epoll-4.1.87.Final.jar:/home/cristiano/.m2/repository/io/netty/netty-transport-classes-kqueue/4.1.87.Final/netty-transport-classes-kqueue-4.1.87.Final.jar:/home/cristiano/.m2/repository/io/netty/netty-transport-native-epoll/4.1.87.Final/netty-transport-native-epoll-4.1.87.Final.jar:/home/cristiano/.m2/repository/io/netty/netty-transport-native-kqueue/4.1.87.Final/netty-transport-native-kqueue-4.1.87.Final.jar:/home/cristiano/.m2/repository/io/netty/netty-transport-native-unix-common/4.1.87.Final/netty-transport-native-unix-common-4.1.87.Final.jar:/home/cristiano/.m2/repository/io/netty/netty-transport/4.1.87.Final/netty-transport-4.1.87.Final.jar:/home/cristiano/.m2/repository/io/netty/netty-resolver/4.1.87.Final/netty-resolver-4.1.87.Final.jar:/home/cristiano/.m2/repository/io/opentelemetry/opentelemetry-api/1.22.0/opentelemetry-api-1.22.0.jar:/home/cristiano/.m2/repository/io/opentelemetry/opentelemetry-context/1.22.0/opentelemetry-context-1.22.0.jar:/home/cristiano/.m2/repository/io/opentelemetry/opentelemetry-exporter-logging/1.22.0/opentelemetry-exporter-logging-1.22.0.jar:/home/cristiano/.m2/repository/io/opentelemetry/opentelemetry-sdk-metrics/1.22.0/opentelemetry-sdk-metrics-1.22.0.jar:/home/cristiano/.m2/repository/io/opentelemetry/opentelemetry-sdk-logs/1.22.0-alpha/opentelemetry-sdk-logs-1.22.0-alpha.jar:/home/cristiano/.m2/repository/io/opentelemetry/opentelemetry-api-logs/1.22.0-alpha/opentelemetry-api-logs-1.22.0-alpha.jar:/home/cristiano/.m2/repository/io/opentelemetry/opentelemetry-sdk-common/1.22.0/opentelemetry-sdk-common-1.22.0.jar:/home/cristiano/.m2/repository/io/opentelemetry/opentelemetry-sdk-extension-autoconfigure-spi/1.22.0/opentelemetry-sdk-extension-autoconfigure-spi-1.22.0.jar:/home/cristiano/.m2/repository/io/opentelemetry/opentelemetry-sdk-extension-autoconfigure/1.22.0-alpha/opentelemetry-sdk-extension-autoconfigure-1.22.0-alpha.jar:/home/cristiano/.m2/repository/io/opentelemetry/opentelemetry-sdk-trace/1.22.0/opentelemetry-sdk-trace-1.22.0.jar:/home/cristiano/.m2/repository/io/opentelemetry/opentelemetry-sdk/1.22.0/opentelemetry-sdk-1.22.0.jar:/home/cristiano/.m2/repository/io/opentelemetry/opentelemetry-semconv/1.22.0-alpha/opentelemetry-semconv-1.22.0-alpha.jar:/home/cristiano/.m2/repository/io/ous/jtoml/2.0.0/jtoml-2.0.0.jar:/home/cristiano/.m2/repository/net/bytebuddy/byte-buddy/1.12.22/byte-buddy-1.12.22.jar:/home/cristiano/.m2/repository/org/apache/commons/commons-exec/1.3/commons-exec-1.3.jar:/home/cristiano/.m2/repository/org/asynchttpclient/async-http-client/2.12.3/async-http-client-2.12.3.jar:/home/cristiano/.m2/repository/org/asynchttpclient/async-http-client-netty-utils/2.12.3/async-http-client-netty-utils-2.12.3.jar:/home/cristiano/.m2/repository/io/netty/netty-codec-socks/4.1.60.Final/netty-codec-socks-4.1.60.Final.jar:/home/cristiano/.m2/repository/io/netty/netty-handler-proxy/4.1.60.Final/netty-handler-proxy-4.1.60.Final.jar:/home/cristiano/.m2/repository/io/netty/netty-transport-native-epoll/4.1.60.Final/netty-transport-native-epoll-4.1.60.Final-linux-x86_64.jar:/home/cristiano/.m2/repository/io/netty/netty-transport-native-kqueue/4.1.60.Final/netty-transport-native-kqueue-4.1.60.Final-osx-x86_64.jar:/home/cristiano/.m2/repository/org/reactivestreams/reactive-streams/1.0.3/reactive-streams-1.0.3.jar:/home/cristiano/.m2/repository/com/typesafe/netty/netty-reactive-streams/2.0.4/netty-reactive-streams-2.0.4.jar:/home/cristiano/.m2/repository/com/sun/activation/jakarta.activation/1.2.2/jakarta.activation-1.2.2.jar:/home/cristiano/.m2/repository/org/seleniumhq/selenium/selenium-manager/4.8.1/selenium-manager-4.8.1.jar:/home/cristiano/.m2/repository/org/seleniumhq/selenium/selenium-safari-driver/4.8.1/selenium-safari-driver-4.8.1.jar:/home/cristiano/.m2/repository/org/seleniumhq/selenium/selenium-support/4.8.1/selenium-support-4.8.1.jar:/home/cristiano/.m2/repository/org/hamcrest/hamcrest/2.2/hamcrest-2.2.jar:/home/cristiano/.m2/repository/io/github/bonigarcia/webdrivermanager/5.3.2/webdrivermanager-5.3.2.jar:/home/cristiano/.m2/repository/com/google/code/gson/gson/2.10.1/gson-2.10.1.jar:/home/cristiano/.m2/repository/com/github/docker-java/docker-java/3.2.14/docker-java-3.2.14.jar:/home/cristiano/.m2/repository/com/github/docker-java/docker-java-core/3.2.14/docker-java-core-3.2.14.jar:/home/cristiano/.m2/repository/com/github/docker-java/docker-java-api/3.2.14/docker-java-api-3.2.14.jar:/home/cristiano/.m2/repository/com/fasterxml/jackson/core/jackson-annotations/2.10.3/jackson-annotations-2.10.3.jar:/home/cristiano/.m2/repository/commons-io/commons-io/2.6/commons-io-2.6.jar:/home/cristiano/.m2/repository/org/apache/commons/commons-compress/1.21/commons-compress-1.21.jar:/home/cristiano/.m2/repository/com/fasterxml/jackson/core/jackson-databind/2.10.3/jackson-databind-2.10.3.jar:/home/cristiano/.m2/repository/com/fasterxml/jackson/core/jackson-core/2.10.3/jackson-core-2.10.3.jar:/home/cristiano/.m2/repository/org/bouncycastle/bcpkix-jdk15on/1.64/bcpkix-jdk15on-1.64.jar:/home/cristiano/.m2/repository/org/bouncycastle/bcprov-jdk15on/1.64/bcprov-jdk15on-1.64.jar:/home/cristiano/.m2/repository/org/slf4j/jcl-over-slf4j/1.7.30/jcl-over-slf4j-1.7.30.jar:/home/cristiano/.m2/repository/com/github/docker-java/docker-java-transport-httpclient5/3.2.14/docker-java-transport-httpclient5-3.2.14.jar:/home/cristiano/.m2/repository/com/github/docker-java/docker-java-transport/3.2.14/docker-java-transport-3.2.14.jar:/home/cristiano/.m2/repository/net/java/dev/jna/jna/5.12.1/jna-5.12.1.jar:/home/cristiano/.m2/repository/org/brotli/dec/0.1.2/dec-0.1.2.jar:/home/cristiano/.m2/repository/org/apache/commons/commons-lang3/3.12.0/commons-lang3-3.12.0.jar:/home/cristiano/.m2/repository/org/apache/httpcomponents/client5/httpclient5/5.2.1/httpclient5-5.2.1.jar:/home/cristiano/.m2/repository/org/apache/httpcomponents/core5/httpcore5/5.2/httpcore5-5.2.jar:/home/cristiano/.m2/repository/org/apache/httpcomponents/core5/httpcore5-h2/5.2/httpcore5-h2-5.2.jar:"/>
    <property name="java.vm.vendor" value="Private Build"/>
    <property name="sun.arch.data.model" value="64"/>
    <property name="java.vendor.url" value="Unknown"/>
    <property name="user.timezone" value="Europe/Lisbon"/>
    <property name="os.name" value="Linux"/>
    <property name="java.vm.specification.version" value="17"/>
    <property name="sun.java.launcher" value="SUN_STANDARD"/>
    <property name="user.country" value="PT"/>
    <property name="sun.boot.library.path" value="/usr/lib/jvm/java-17-openjdk-amd64/lib"/>
    <property name="sun.java.command" value="/home/cristiano/TQS_108536/lab5/lab5_3/lab5_3/target/surefire/surefirebooter-20240316131730333_3.jar /home/cristiano/TQS_108536/lab5/lab5_3/lab5_3/target/surefire 2024-03-16T13-17-30_263-jvmRun1 surefire-20240316131730333_1tmp surefire_0-20240316131730333_2tmp"/>
    <property name="jdk.debug" value="release"/>
    <property name="surefire.test.class.path" value="/home/cristiano/TQS_108536/lab5/lab5_3/lab5_3/target/test-classes:/home/cristiano/TQS_108536/lab5/lab5_3/lab5_3/target/classes:/home/cristiano/.m2/repository/org/slf4j/slf4j-api/2.0.6/slf4j-api-2.0.6.jar:/home/cristiano/.m2/repository/ch/qos/logback/logback-classic/1.4.6/logback-classic-1.4.6.jar:/home/cristiano/.m2/repository/ch/qos/logback/logback-core/1.4.6/logback-core-1.4.6.jar:/home/cristiano/.m2/repository/org/junit/jupiter/junit-jupiter/5.9.2/junit-jupiter-5.9.2.jar:/home/cristiano/.m2/repository/org/junit/jupiter/junit-jupiter-api/5.9.2/junit-jupiter-api-5.9.2.jar:/home/cristiano/.m2/repository/org/opentest4j/opentest4j/1.2.0/opentest4j-1.2.0.jar:/home/cristiano/.m2/repository/org/junit/platform/junit-platform-commons/1.9.2/junit-platform-commons-1.9.2.jar:/home/cristiano/.m2/repository/org/junit/jupiter/junit-jupiter-params/5.9.2/junit-jupiter-params-5.9.2.jar:/home/cristiano/.m2/repository/org/junit/jupiter/junit-jupiter-engine/5.9.2/junit-jupiter-engine-5.9.2.jar:/home/cristiano/.m2/repository/org/junit/platform/junit-platform-suite/1.9.2/junit-platform-suite-1.9.2.jar:/home/cristiano/.m2/repository/org/junit/platform/junit-platform-suite-api/1.9.2/junit-platform-suite-api-1.9.2.jar:/home/cristiano/.m2/repository/org/junit/platform/junit-platform-suite-engine/1.9.2/junit-platform-suite-engine-1.9.2.jar:/home/cristiano/.m2/repository/org/junit/platform/junit-platform-suite-commons/1.9.2/junit-platform-suite-commons-1.9.2.jar:/home/cristiano/.m2/repository/org/junit/platform/junit-platform-launcher/1.9.2/junit-platform-launcher-1.9.2.jar:/home/cristiano/.m2/repository/io/cucumber/cucumber-java/7.11.1/cucumber-java-7.11.1.jar:/home/cristiano/.m2/repository/io/cucumber/cucumber-core/7.11.1/cucumber-core-7.11.1.jar:/home/cristiano/.m2/repository/io/cucumber/cucumber-gherkin/7.11.1/cucumber-gherkin-7.11.1.jar:/home/cristiano/.m2/repository/io/cucumber/cucumber-gherkin-messages/7.11.1/cucumber-gherkin-messages-7.11.1.jar:/home/cristiano/.m2/repository/io/cucumber/gherkin/26.0.3/gherkin-26.0.3.jar:/home/cristiano/.m2/repository/io/cucumber/messages/21.0.1/messages-21.0.1.jar:/home/cristiano/.m2/repository/io/cucumber/tag-expressions/5.0.1/tag-expressions-5.0.1.jar:/home/cristiano/.m2/repository/io/cucumber/cucumber-expressions/16.1.2/cucumber-expressions-16.1.2.jar:/home/cristiano/.m2/repository/io/cucumber/datatable/7.11.1/datatable-7.11.1.jar:/home/cristiano/.m2/repository/io/cucumber/cucumber-plugin/7.11.1/cucumber-plugin-7.11.1.jar:/home/cristiano/.m2/repository/io/cucumber/docstring/7.11.1/docstring-7.11.1.jar:/home/cristiano/.m2/repository/io/cucumber/html-formatter/20.2.1/html-formatter-20.2.1.jar:/home/cristiano/.m2/repository/io/cucumber/junit-xml-formatter/0.1.0/junit-xml-formatter-0.1.0.jar:/home/cristiano/.m2/repository/io/cucumber/ci-environment/9.1.0/ci-environment-9.1.0.jar:/home/cristiano/.m2/repository/org/apiguardian/apiguardian-api/1.1.2/apiguardian-api-1.1.2.jar:/home/cristiano/.m2/repository/io/cucumber/cucumber-junit-platform-engine/7.11.1/cucumber-junit-platform-engine-7.11.1.jar:/home/cristiano/.m2/repository/org/junit/platform/junit-platform-engine/1.9.2/junit-platform-engine-1.9.2.jar:/home/cristiano/.m2/repository/org/seleniumhq/selenium/selenium-java/4.8.1/selenium-java-4.8.1.jar:/home/cristiano/.m2/repository/org/seleniumhq/selenium/selenium-api/4.8.1/selenium-api-4.8.1.jar:/home/cristiano/.m2/repository/org/seleniumhq/selenium/selenium-chrome-driver/4.8.1/selenium-chrome-driver-4.8.1.jar:/home/cristiano/.m2/repository/com/google/auto/service/auto-service-annotations/1.0.1/auto-service-annotations-1.0.1.jar:/home/cristiano/.m2/repository/com/google/auto/service/auto-service/1.0.1/auto-service-1.0.1.jar:/home/cristiano/.m2/repository/com/google/auto/auto-common/1.2/auto-common-1.2.jar:/home/cristiano/.m2/repository/com/google/guava/guava/31.1-jre/guava-31.1-jre.jar:/home/cristiano/.m2/repository/com/google/guava/failureaccess/1.0.1/failureaccess-1.0.1.jar:/home/cristiano/.m2/repository/com/google/guava/listenablefuture/9999.0-empty-to-avoid-conflict-with-guava/listenablefuture-9999.0-empty-to-avoid-conflict-with-guava.jar:/home/cristiano/.m2/repository/com/google/code/findbugs/jsr305/3.0.2/jsr305-3.0.2.jar:/home/cristiano/.m2/repository/org/checkerframework/checker-qual/3.12.0/checker-qual-3.12.0.jar:/home/cristiano/.m2/repository/com/google/errorprone/error_prone_annotations/2.11.0/error_prone_annotations-2.11.0.jar:/home/cristiano/.m2/repository/com/google/j2objc/j2objc-annotations/1.3/j2objc-annotations-1.3.jar:/home/cristiano/.m2/repository/org/seleniumhq/selenium/selenium-chromium-driver/4.8.1/selenium-chromium-driver-4.8.1.jar:/home/cristiano/.m2/repository/org/seleniumhq/selenium/selenium-json/4.8.1/selenium-json-4.8.1.jar:/home/cristiano/.m2/repository/org/seleniumhq/selenium/selenium-devtools-v108/4.8.1/selenium-devtools-v108-4.8.1.jar:/home/cristiano/.m2/repository/org/seleniumhq/selenium/selenium-devtools-v109/4.8.1/selenium-devtools-v109-4.8.1.jar:/home/cristiano/.m2/repository/org/seleniumhq/selenium/selenium-devtools-v110/4.8.1/selenium-devtools-v110-4.8.1.jar:/home/cristiano/.m2/repository/org/seleniumhq/selenium/selenium-devtools-v85/4.8.1/selenium-devtools-v85-4.8.1.jar:/home/cristiano/.m2/repository/org/seleniumhq/selenium/selenium-edge-driver/4.8.1/selenium-edge-driver-4.8.1.jar:/home/cristiano/.m2/repository/org/seleniumhq/selenium/selenium-firefox-driver/4.8.1/selenium-firefox-driver-4.8.1.jar:/home/cristiano/.m2/repository/org/seleniumhq/selenium/selenium-http/4.8.1/selenium-http-4.8.1.jar:/home/cristiano/.m2/repository/dev/failsafe/failsafe/3.3.0/failsafe-3.3.0.jar:/home/cristiano/.m2/repository/org/seleniumhq/selenium/selenium-ie-driver/4.8.1/selenium-ie-driver-4.8.1.jar:/home/cristiano/.m2/repository/org/seleniumhq/selenium/selenium-remote-driver/4.8.1/selenium-remote-driver-4.8.1.jar:/home/cristiano/.m2/repository/com/beust/jcommander/1.82/jcommander-1.82.jar:/home/cristiano/.m2/repository/io/netty/netty-buffer/4.1.87.Final/netty-buffer-4.1.87.Final.jar:/home/cristiano/.m2/repository/io/netty/netty-codec-http/4.1.87.Final/netty-codec-http-4.1.87.Final.jar:/home/cristiano/.m2/repository/io/netty/netty-codec/4.1.87.Final/netty-codec-4.1.87.Final.jar:/home/cristiano/.m2/repository/io/netty/netty-handler/4.1.87.Final/netty-handler-4.1.87.Final.jar:/home/cristiano/.m2/repository/io/netty/netty-common/4.1.87.Final/netty-common-4.1.87.Final.jar:/home/cristiano/.m2/repository/io/netty/netty-transport-classes-epoll/4.1.87.Final/netty-transport-classes-epoll-4.1.87.Final.jar:/home/cristiano/.m2/repository/io/netty/netty-transport-classes-kqueue/4.1.87.Final/netty-transport-classes-kqueue-4.1.87.Final.jar:/home/cristiano/.m2/repository/io/netty/netty-transport-native-epoll/4.1.87.Final/netty-transport-native-epoll-4.1.87.Final.jar:/home/cristiano/.m2/repository/io/netty/netty-transport-native-kqueue/4.1.87.Final/netty-transport-native-kqueue-4.1.87.Final.jar:/home/cristiano/.m2/repository/io/netty/netty-transport-native-unix-common/4.1.87.Final/netty-transport-native-unix-common-4.1.87.Final.jar:/home/cristiano/.m2/repository/io/netty/netty-transport/4.1.87.Final/netty-transport-4.1.87.Final.jar:/home/cristiano/.m2/repository/io/netty/netty-resolver/4.1.87.Final/netty-resolver-4.1.87.Final.jar:/home/cristiano/.m2/repository/io/opentelemetry/opentelemetry-api/1.22.0/opentelemetry-api-1.22.0.jar:/home/cristiano/.m2/repository/io/opentelemetry/opentelemetry-context/1.22.0/opentelemetry-context-1.22.0.jar:/home/cristiano/.m2/repository/io/opentelemetry/opentelemetry-exporter-logging/1.22.0/opentelemetry-exporter-logging-1.22.0.jar:/home/cristiano/.m2/repository/io/opentelemetry/opentelemetry-sdk-metrics/1.22.0/opentelemetry-sdk-metrics-1.22.0.jar:/home/cristiano/.m2/repository/io/opentelemetry/opentelemetry-sdk-logs/1.22.0-alpha/opentelemetry-sdk-logs-1.22.0-alpha.jar:/home/cristiano/.m2/repository/io/opentelemetry/opentelemetry-api-logs/1.22.0-alpha/opentelemetry-api-logs-1.22.0-alpha.jar:/home/cristiano/.m2/repository/io/opentelemetry/opentelemetry-sdk-common/1.22.0/opentelemetry-sdk-common-1.22.0.jar:/home/cristiano/.m2/repository/io/opentelemetry/opentelemetry-sdk-extension-autoconfigure-spi/1.22.0/opentelemetry-sdk-extension-autoconfigure-spi-1.22.0.jar:/home/cristiano/.m2/repository/io/opentelemetry/opentelemetry-sdk-extension-autoconfigure/1.22.0-alpha/opentelemetry-sdk-extension-autoconfigure-1.22.0-alpha.jar:/home/cristiano/.m2/repository/io/opentelemetry/opentelemetry-sdk-trace/1.22.0/opentelemetry-sdk-trace-1.22.0.jar:/home/cristiano/.m2/repository/io/opentelemetry/opentelemetry-sdk/1.22.0/opentelemetry-sdk-1.22.0.jar:/home/cristiano/.m2/repository/io/opentelemetry/opentelemetry-semconv/1.22.0-alpha/opentelemetry-semconv-1.22.0-alpha.jar:/home/cristiano/.m2/repository/io/ous/jtoml/2.0.0/jtoml-2.0.0.jar:/home/cristiano/.m2/repository/net/bytebuddy/byte-buddy/1.12.22/byte-buddy-1.12.22.jar:/home/cristiano/.m2/repository/org/apache/commons/commons-exec/1.3/commons-exec-1.3.jar:/home/cristiano/.m2/repository/org/asynchttpclient/async-http-client/2.12.3/async-http-client-2.12.3.jar:/home/cristiano/.m2/repository/org/asynchttpclient/async-http-client-netty-utils/2.12.3/async-http-client-netty-utils-2.12.3.jar:/home/cristiano/.m2/repository/io/netty/netty-codec-socks/4.1.60.Final/netty-codec-socks-4.1.60.Final.jar:/home/cristiano/.m2/repository/io/netty/netty-handler-proxy/4.1.60.Final/netty-handler-proxy-4.1.60.Final.jar:/home/cristiano/.m2/repository/io/netty/netty-transport-native-epoll/4.1.60.Final/netty-transport-native-epoll-4.1.60.Final-linux-x86_64.jar:/home/cristiano/.m2/repository/io/netty/netty-transport-native-kqueue/4.1.60.Final/netty-transport-native-kqueue-4.1.60.Final-osx-x86_64.jar:/home/cristiano/.m2/repository/org/reactivestreams/reactive-streams/1.0.3/reactive-streams-1.0.3.jar:/home/cristiano/.m2/repository/com/typesafe/netty/netty-reactive-streams/2.0.4/netty-reactive-streams-2.0.4.jar:/home/cristiano/.m2/repository/com/sun/activation/jakarta.activation/1.2.2/jakarta.activation-1.2.2.jar:/home/cristiano/.m2/repository/org/seleniumhq/selenium/selenium-manager/4.8.1/selenium-manager-4.8.1.jar:/home/cristiano/.m2/repository/org/seleniumhq/selenium/selenium-safari-driver/4.8.1/selenium-safari-driver-4.8.1.jar:/home/cristiano/.m2/repository/org/seleniumhq/selenium/selenium-support/4.8.1/selenium-support-4.8.1.jar:/home/cristiano/.m2/repository/org/hamcrest/hamcrest/2.2/hamcrest-2.2.jar:/home/cristiano/.m2/repository/io/github/bonigarcia/webdrivermanager/5.3.2/webdrivermanager-5.3.2.jar:/home/cristiano/.m2/repository/com/google/code/gson/gson/2.10.1/gson-2.10.1.jar:/home/cristiano/.m2/repository/com/github/docker-java/docker-java/3.2.14/docker-java-3.2.14.jar:/home/cristiano/.m2/repository/com/github/docker-java/docker-java-core/3.2.14/docker-java-core-3.2.14.jar:/home/cristiano/.m2/repository/com/github/docker-java/docker-java-api/3.2.14/docker-java-api-3.2.14.jar:/home/cristiano/.m2/repository/com/fasterxml/jackson/core/jackson-annotations/2.10.3/jackson-annotations-2.10.3.jar:/home/cristiano/.m2/repository/commons-io/commons-io/2.6/commons-io-2.6.jar:/home/cristiano/.m2/repository/org/apache/commons/commons-compress/1.21/commons-compress-1.21.jar:/home/cristiano/.m2/repository/com/fasterxml/jackson/core/jackson-databind/2.10.3/jackson-databind-2.10.3.jar:/home/cristiano/.m2/repository/com/fasterxml/jackson/core/jackson-core/2.10.3/jackson-core-2.10.3.jar:/home/cristiano/.m2/repository/org/bouncycastle/bcpkix-jdk15on/1.64/bcpkix-jdk15on-1.64.jar:/home/cristiano/.m2/repository/org/bouncycastle/bcprov-jdk15on/1.64/bcprov-jdk15on-1.64.jar:/home/cristiano/.m2/repository/org/slf4j/jcl-over-slf4j/1.7.30/jcl-over-slf4j-1.7.30.jar:/home/cristiano/.m2/repository/com/github/docker-java/docker-java-transport-httpclient5/3.2.14/docker-java-transport-httpclient5-3.2.14.jar:/home/cristiano/.m2/repository/com/github/docker-java/docker-java-transport/3.2.14/docker-java-transport-3.2.14.jar:/home/cristiano/.m2/repository/net/java/dev/jna/jna/5.12.1/jna-5.12.1.jar:/home/cristiano/.m2/repository/org/brotli/dec/0.1.2/dec-0.1.2.jar:/home/cristiano/.m2/repository/org/apache/commons/commons-lang3/3.12.0/commons-lang3-3.12.0.jar:/home/cristiano/.m2/repository/org/apache/httpcomponents/client5/httpclient5/5.2.1/httpclient5-5.2.1.jar:/home/cristiano/.m2/repository/org/apache/httpcomponents/core5/httpcore5/5.2/httpcore5-5.2.jar:/home/cristiano/.m2/repository/org/apache/httpcomponents/core5/httpcore5-h2/5.2/httpcore5-h2-5.2.jar:"/>
    <property name="sun.cpu.endian" value="little"/>
    <property name="user.home" value="/home/cristiano"/>
    <property name="user.language" value="pt"/>
    <property name="java.specification.vendor" value="Oracle Corporation"/>
    <property name="java.version.date" value="2024-01-16"/>
    <property name="java.home" value="/usr/lib/jvm/java-17-openjdk-amd64"/>
    <property name="file.separator" value="/"/>
    <property name="basedir" value="/home/cristiano/TQS_108536/lab5/lab5_3/lab5_3"/>
    <property name="java.vm.compressedOopsMode" value="Zero based"/>
    <property name="line.separator" value="&#10;"/>
    <property name="java.vm.specification.vendor" value="Oracle Corporation"/>
    <property name="java.specification.name" value="Java Platform API Specification"/>
    <property name="surefire.real.class.path" value="/home/cristiano/TQS_108536/lab5/lab5_3/lab5_3/target/surefire/surefirebooter-20240316131730333_3.jar"/>
    <property name="sun.management.compiler" value="HotSpot 64-Bit Tiered Compilers"/>
    <property name="java.runtime.version" value="17.0.10+7-Ubuntu-122.04.1"/>
    <property name="user.name" value="cristiano"/>
    <property name="path.separator" value=":"/>
    <property name="os.version" value="6.5.0-25-generic"/>
    <property name="java.runtime.name" value="OpenJDK Runtime Environment"/>
    <property name="file.encoding" value="UTF-8"/>
    <property name="java.vm.name" value="OpenJDK 64-Bit Server VM"/>
    <property name="localRepository" value="/home/cristiano/.m2/repository"/>
    <property name="java.vendor.url.bug" value="Unknown"/>
    <property name="java.io.tmpdir" value="/tmp"/>
    <property name="java.version" value="17.0.10"/>
    <property name="user.dir" value="/home/cristiano/TQS_108536/lab5/lab5_3/lab5_3"/>
    <property name="os.arch" value="amd64"/>
    <property name="java.vm.specification.name" value="Java Virtual Machine Specification"/>
    <property name="native.encoding" value="UTF-8"/>
    <property name="java.library.path" value="/usr/java/packages/lib:/usr/lib/x86_64-linux-gnu/jni:/lib/x86_64-linux-gnu:/usr/lib/x86_64-linux-gnu:/usr/lib/jni:/lib:/usr/lib"/>
    <property name="java.vm.info" value="mixed mode, sharing"/>
    <property name="java.vendor" value="Private Build"/>
    <property name="java.vm.version" value="17.0.10+7-Ubuntu-122.04.1"/>
    <property name="sun.io.unicode.encoding" value="UnicodeLittle"/>
    <property name="java.class.version" value="61.0"/>
  </properties>
  <testcase name="Booking a flight from Mexico City to Cairo" classname="BlazeDemo Test" time="3.362">
    <system-out><![CDATA[
Scenario: Booking a flight from Mexico City to Cairo                           &amp#27;[90m# pt/tqs/login.feature:3&amp#27;[0m
13:17:35.139 [main] DEBUG io.github.bonigarcia.wdm.cache.ResolutionCache -- Resolution chrome=114 in cache (valid until 14:16:39 16/03/2024 WET)
13:17:35.140 [main] DEBUG io.github.bonigarcia.wdm.cache.ResolutionCache -- Resolution chrome114=114.0.5735.90 in cache (valid until 13:16:39 17/03/2024 WET)
13:17:35.140 [main] INFO io.github.bonigarcia.wdm.WebDriverManager -- Using chromedriver 114.0.5735.90 (resolved driver for Chrome 114)
13:17:35.143 [main] DEBUG io.github.bonigarcia.wdm.WebDriverManager -- Driver chromedriver 114.0.5735.90 found in cache
13:17:35.143 [main] INFO io.github.bonigarcia.wdm.WebDriverManager -- Exporting webdriver.chrome.driver as /home/cristiano/.cache/selenium/chromedriver/linux64/114.0.5735.90/chromedriver
13:17:35.203 [AsyncHttpClient-1-5] DEBUG org.asynchttpclient.netty.channel.NettyConnectListener -- Using new Channel '[id: 0xe9c7c46b, L:/127.0.0.1:40926 - R:localhost/127.0.0.1:11270]' for 'POST' to '/session'
13:17:35.561 [AsyncHttpClient-1-5] DEBUG org.asynchttpclient.netty.handler.HttpHandler -- 

Request DefaultHttpRequest(decodeResult: success, version: HTTP/1.1)
POST /session HTTP/1.1
User-Agent: selenium/4.8.1 (java unix)
Content-Length: 439
Content-Type: application/json; charset=utf-8
host: localhost:11270
accept: */*

Response DefaultHttpResponse(decodeResult: success, version: HTTP/1.1)
HTTP/1.1 200 OK
Content-Length: 823
Content-Type: application/json; charset=utf-8
cache-control: no-cache

13:17:35.561 [AsyncHttpClient-1-5] DEBUG org.asynchttpclient.netty.channel.ChannelManager -- Adding key: http://localhost:11270 for channel [id: 0xe9c7c46b, L:/127.0.0.1:40926 - R:localhost/127.0.0.1:11270]
13:17:35.567 [AsyncHttpClient-1-6] DEBUG org.asynchttpclient.netty.channel.NettyConnectListener -- Using new Channel '[id: 0x3e0d6e7a, L:/127.0.0.1:59626 - R:localhost/127.0.0.1:43443]' for 'GET' to '/json/version'
13:17:35.596 [AsyncHttpClient-1-6] DEBUG org.asynchttpclient.netty.handler.HttpHandler -- 

Request DefaultFullHttpRequest(decodeResult: success, version: HTTP/1.1, content: EmptyByteBufBE)
GET /json/version HTTP/1.1
User-Agent: selenium/4.8.1 (java unix)
host: localhost:43443
accept: */*

Response DefaultHttpResponse(decodeResult: success, version: HTTP/1.1)
HTTP/1.1 200 OK
Content-Security-Policy: frame-ancestors 'none'
Content-Length: 406
Content-Type: application/json; charset=UTF-8

13:17:35.596 [AsyncHttpClient-1-6] DEBUG org.asynchttpclient.netty.channel.ChannelManager -- Adding key: http://localhost:43443 for channel [id: 0x3e0d6e7a, L:/127.0.0.1:59626 - R:localhost/127.0.0.1:43443]
13:17:35.599 [AsyncHttpClient-1-7] DEBUG org.asynchttpclient.netty.channel.NettyConnectListener -- Using new Channel '[id: 0x4cf1d2dd, L:/127.0.0.1:59630 - R:localhost/127.0.0.1:43443]' for 'GET' to '/devtools/browser/f4393313-5bf6-4623-be52-5232579b4ae5'
13:17:35.603 [AsyncHttpClient-1-7] DEBUG org.asynchttpclient.netty.handler.WebSocketHandler -- 

Request DefaultFullHttpRequest(decodeResult: success, version: HTTP/1.1, content: EmptyByteBufBE)
GET /devtools/browser/f4393313-5bf6-4623-be52-5232579b4ae5 HTTP/1.1
upgrade: websocket
connection: upgrade
sec-websocket-key: 9m0s4Radi4J61pAE2eV6Mw==
sec-websocket-version: 13
origin: http://localhost:43443
host: localhost:43443
accept: */*
user-agent: AHC/2.1

Response DefaultHttpResponse(decodeResult: success, version: HTTP/1.1)
HTTP/1.1 101 WebSocket Protocol Handshake
Upgrade: WebSocket
Connection: Upgrade
Sec-WebSocket-Accept: wihEGC5YsKJ4jwdnpfAiFN0DipU=

13:17:35.609 [Forwarding get on session 6dd95b39c962feb19c3b7c819eb02852 to remote] DEBUG org.asynchttpclient.netty.request.NettyRequestSender -- Using pooled Channel '[id: 0xe9c7c46b, L:/127.0.0.1:40926 - R:localhost/127.0.0.1:11270]' for 'POST' to 'http://localhost:11270/session/6dd95b39c962feb19c3b7c819eb02852/url'
13:17:35.609 [Forwarding get on session 6dd95b39c962feb19c3b7c819eb02852 to remote] DEBUG org.asynchttpclient.netty.request.NettyRequestSender -- Using open Channel [id: 0xe9c7c46b, L:/127.0.0.1:40926 - R:localhost/127.0.0.1:11270] for POST '/session/6dd95b39c962feb19c3b7c819eb02852/url'
13:17:36.050 [AsyncHttpClient-1-1] DEBUG org.asynchttpclient.netty.channel.DefaultChannelPool -- Entry count for : http://localhost:10163 : 1
13:17:36.050 [AsyncHttpClient-1-1] DEBUG org.asynchttpclient.netty.channel.DefaultChannelPool -- Entry count for : http://localhost:43443 : 1
13:17:36.050 [AsyncHttpClient-1-1] DEBUG org.asynchttpclient.netty.channel.DefaultChannelPool -- Entry count for : http://localhost:42599 : 1
13:17:36.671 [AsyncHttpClient-1-5] DEBUG org.asynchttpclient.netty.handler.HttpHandler -- 

Request DefaultHttpRequest(decodeResult: success, version: HTTP/1.1)
POST /session/6dd95b39c962feb19c3b7c819eb02852/url HTTP/1.1
User-Agent: selenium/4.8.1 (java unix)
Content-Length: 46
Content-Type: application/json; charset=utf-8
host: localhost:11270
accept: */*

Response DefaultHttpResponse(decodeResult: success, version: HTTP/1.1)
HTTP/1.1 200 OK
Content-Length: 14
Content-Type: application/json; charset=utf-8
cache-control: no-cache

13:17:36.672 [AsyncHttpClient-1-5] DEBUG org.asynchttpclient.netty.channel.ChannelManager -- Adding key: http://localhost:11270 for channel [id: 0xe9c7c46b, L:/127.0.0.1:40926 - R:localhost/127.0.0.1:11270]
  &amp#27;[32mWhen &amp#27;[0m&amp#27;[32mI navigate to &amp#27;[0m&amp#27;[32m&amp#27;[1m'https://blazedemo.com'&amp#27;[0m                                   &amp#27;[90m# pt.tqs.ReserveFlightStepst.goToUrl(java.lang.String)&amp#27;[0m
13:17:36.673 [Forwarding findElement on session 6dd95b39c962feb19c3b7c819eb02852 to remote] DEBUG org.asynchttpclient.netty.request.NettyRequestSender -- Using pooled Channel '[id: 0xe9c7c46b, L:/127.0.0.1:40926 - R:localhost/127.0.0.1:11270]' for 'POST' to 'http://localhost:11270/session/6dd95b39c962feb19c3b7c819eb02852/element'
13:17:36.673 [Forwarding findElement on session 6dd95b39c962feb19c3b7c819eb02852 to remote] DEBUG org.asynchttpclient.netty.request.NettyRequestSender -- Using open Channel [id: 0xe9c7c46b, L:/127.0.0.1:40926 - R:localhost/127.0.0.1:11270] for POST '/session/6dd95b39c962feb19c3b7c819eb02852/element'
13:17:36.686 [AsyncHttpClient-1-5] DEBUG org.asynchttpclient.netty.handler.HttpHandler -- 

Request DefaultHttpRequest(decodeResult: success, version: HTTP/1.1)
POST /session/6dd95b39c962feb19c3b7c819eb02852/element HTTP/1.1
User-Agent: selenium/4.8.1 (java unix)
Content-Length: 62
Content-Type: application/json; charset=utf-8
host: localhost:11270
accept: */*

Response DefaultHttpResponse(decodeResult: success, version: HTTP/1.1)
HTTP/1.1 200 OK
Content-Length: 94
Content-Type: application/json; charset=utf-8
cache-control: no-cache

13:17:36.686 [AsyncHttpClient-1-5] DEBUG org.asynchttpclient.netty.channel.ChannelManager -- Adding key: http://localhost:11270 for channel [id: 0xe9c7c46b, L:/127.0.0.1:40926 - R:localhost/127.0.0.1:11270]
13:17:36.688 [Forwarding clickElement on session 6dd95b39c962feb19c3b7c819eb02852 to remote] DEBUG org.asynchttpclient.netty.request.NettyRequestSender -- Using pooled Channel '[id: 0xe9c7c46b, L:/127.0.0.1:40926 - R:localhost/127.0.0.1:11270]' for 'POST' to 'http://localhost:11270/session/6dd95b39c962feb19c3b7c819eb02852/element/FD645F73A6ABA33AE6537AC8C052D340_element_4/click'
13:17:36.688 [Forwarding clickElement on session 6dd95b39c962feb19c3b7c819eb02852 to remote] DEBUG org.asynchttpclient.netty.request.NettyRequestSender -- Using open Channel [id: 0xe9c7c46b, L:/127.0.0.1:40926 - R:localhost/127.0.0.1:11270] for POST '/session/6dd95b39c962feb19c3b7c819eb02852/element/FD645F73A6ABA33AE6537AC8C052D340_element_4/click'
13:17:36.721 [AsyncHttpClient-1-5] DEBUG org.asynchttpclient.netty.handler.HttpHandler -- 

Request DefaultHttpRequest(decodeResult: success, version: HTTP/1.1)
POST /session/6dd95b39c962feb19c3b7c819eb02852/element/FD645F73A6ABA33AE6537AC8C052D340_element_4/click HTTP/1.1
User-Agent: selenium/4.8.1 (java unix)
Content-Length: 56
Content-Type: application/json; charset=utf-8
host: localhost:11270
accept: */*

Response DefaultHttpResponse(decodeResult: success, version: HTTP/1.1)
HTTP/1.1 200 OK
Content-Length: 14
Content-Type: application/json; charset=utf-8
cache-control: no-cache

13:17:36.722 [AsyncHttpClient-1-5] DEBUG org.asynchttpclient.netty.channel.ChannelManager -- Adding key: http://localhost:11270 for channel [id: 0xe9c7c46b, L:/127.0.0.1:40926 - R:localhost/127.0.0.1:11270]
13:17:36.724 [Forwarding findElement on session 6dd95b39c962feb19c3b7c819eb02852 to remote] DEBUG org.asynchttpclient.netty.request.NettyRequestSender -- Using pooled Channel '[id: 0xe9c7c46b, L:/127.0.0.1:40926 - R:localhost/127.0.0.1:11270]' for 'POST' to 'http://localhost:11270/session/6dd95b39c962feb19c3b7c819eb02852/element'
13:17:36.724 [Forwarding findElement on session 6dd95b39c962feb19c3b7c819eb02852 to remote] DEBUG org.asynchttpclient.netty.request.NettyRequestSender -- Using open Channel [id: 0xe9c7c46b, L:/127.0.0.1:40926 - R:localhost/127.0.0.1:11270] for POST '/session/6dd95b39c962feb19c3b7c819eb02852/element'
13:17:36.730 [AsyncHttpClient-1-5] DEBUG org.asynchttpclient.netty.handler.HttpHandler -- 

Request DefaultHttpRequest(decodeResult: success, version: HTTP/1.1)
POST /session/6dd95b39c962feb19c3b7c819eb02852/element HTTP/1.1
User-Agent: selenium/4.8.1 (java unix)
Content-Length: 62
Content-Type: application/json; charset=utf-8
host: localhost:11270
accept: */*

Response DefaultHttpResponse(decodeResult: success, version: HTTP/1.1)
HTTP/1.1 200 OK
Content-Length: 94
Content-Type: application/json; charset=utf-8
cache-control: no-cache

13:17:36.730 [AsyncHttpClient-1-5] DEBUG org.asynchttpclient.netty.channel.ChannelManager -- Adding key: http://localhost:11270 for channel [id: 0xe9c7c46b, L:/127.0.0.1:40926 - R:localhost/127.0.0.1:11270]
13:17:36.732 [Forwarding findChildElement on session 6dd95b39c962feb19c3b7c819eb02852 to remote] DEBUG org.asynchttpclient.netty.request.NettyRequestSender -- Using pooled Channel '[id: 0xe9c7c46b, L:/127.0.0.1:40926 - R:localhost/127.0.0.1:11270]' for 'POST' to 'http://localhost:11270/session/6dd95b39c962feb19c3b7c819eb02852/element/FD645F73A6ABA33AE6537AC8C052D340_element_4/element'
13:17:36.732 [Forwarding findChildElement on session 6dd95b39c962feb19c3b7c819eb02852 to remote] DEBUG org.asynchttpclient.netty.request.NettyRequestSender -- Using open Channel [id: 0xe9c7c46b, L:/127.0.0.1:40926 - R:localhost/127.0.0.1:11270] for POST '/session/6dd95b39c962feb19c3b7c819eb02852/element/FD645F73A6ABA33AE6537AC8C052D340_element_4/element'
13:17:36.741 [AsyncHttpClient-1-5] DEBUG org.asynchttpclient.netty.handler.HttpHandler -- 

Request DefaultHttpRequest(decodeResult: success, version: HTTP/1.1)
POST /session/6dd95b39c962feb19c3b7c819eb02852/element/FD645F73A6ABA33AE6537AC8C052D340_element_4/element HTTP/1.1
User-Agent: selenium/4.8.1 (java unix)
Content-Length: 128
Content-Type: application/json; charset=utf-8
host: localhost:11270
accept: */*

Response DefaultHttpResponse(decodeResult: success, version: HTTP/1.1)
HTTP/1.1 200 OK
Content-Length: 94
Content-Type: application/json; charset=utf-8
cache-control: no-cache

13:17:36.741 [AsyncHttpClient-1-5] DEBUG org.asynchttpclient.netty.channel.ChannelManager -- Adding key: http://localhost:11270 for channel [id: 0xe9c7c46b, L:/127.0.0.1:40926 - R:localhost/127.0.0.1:11270]
13:17:36.743 [Forwarding clickElement on session 6dd95b39c962feb19c3b7c819eb02852 to remote] DEBUG org.asynchttpclient.netty.request.NettyRequestSender -- Using pooled Channel '[id: 0xe9c7c46b, L:/127.0.0.1:40926 - R:localhost/127.0.0.1:11270]' for 'POST' to 'http://localhost:11270/session/6dd95b39c962feb19c3b7c819eb02852/element/FD645F73A6ABA33AE6537AC8C052D340_element_6/click'
13:17:36.743 [Forwarding clickElement on session 6dd95b39c962feb19c3b7c819eb02852 to remote] DEBUG org.asynchttpclient.netty.request.NettyRequestSender -- Using open Channel [id: 0xe9c7c46b, L:/127.0.0.1:40926 - R:localhost/127.0.0.1:11270] for POST '/session/6dd95b39c962feb19c3b7c819eb02852/element/FD645F73A6ABA33AE6537AC8C052D340_element_6/click'
13:17:36.761 [AsyncHttpClient-1-5] DEBUG org.asynchttpclient.netty.handler.HttpHandler -- 

Request DefaultHttpRequest(decodeResult: success, version: HTTP/1.1)
POST /session/6dd95b39c962feb19c3b7c819eb02852/element/FD645F73A6ABA33AE6537AC8C052D340_element_6/click HTTP/1.1
User-Agent: selenium/4.8.1 (java unix)
Content-Length: 56
Content-Type: application/json; charset=utf-8
host: localhost:11270
accept: */*

Response DefaultHttpResponse(decodeResult: success, version: HTTP/1.1)
HTTP/1.1 200 OK
Content-Length: 14
Content-Type: application/json; charset=utf-8
cache-control: no-cache

13:17:36.761 [AsyncHttpClient-1-5] DEBUG org.asynchttpclient.netty.channel.ChannelManager -- Adding key: http://localhost:11270 for channel [id: 0xe9c7c46b, L:/127.0.0.1:40926 - R:localhost/127.0.0.1:11270]
13:17:36.770 [Forwarding findElement on session 6dd95b39c962feb19c3b7c819eb02852 to remote] DEBUG org.asynchttpclient.netty.request.NettyRequestSender -- Using pooled Channel '[id: 0xe9c7c46b, L:/127.0.0.1:40926 - R:localhost/127.0.0.1:11270]' for 'POST' to 'http://localhost:11270/session/6dd95b39c962feb19c3b7c819eb02852/element'
13:17:36.770 [Forwarding findElement on session 6dd95b39c962feb19c3b7c819eb02852 to remote] DEBUG org.asynchttpclient.netty.request.NettyRequestSender -- Using open Channel [id: 0xe9c7c46b, L:/127.0.0.1:40926 - R:localhost/127.0.0.1:11270] for POST '/session/6dd95b39c962feb19c3b7c819eb02852/element'
13:17:36.778 [AsyncHttpClient-1-5] DEBUG org.asynchttpclient.netty.handler.HttpHandler -- 

Request DefaultHttpRequest(decodeResult: success, version: HTTP/1.1)
POST /session/6dd95b39c962feb19c3b7c819eb02852/element HTTP/1.1
User-Agent: selenium/4.8.1 (java unix)
Content-Length: 60
Content-Type: application/json; charset=utf-8
host: localhost:11270
accept: */*

Response DefaultHttpResponse(decodeResult: success, version: HTTP/1.1)
HTTP/1.1 200 OK
Content-Length: 94
Content-Type: application/json; charset=utf-8
cache-control: no-cache

13:17:36.779 [AsyncHttpClient-1-5] DEBUG org.asynchttpclient.netty.channel.ChannelManager -- Adding key: http://localhost:11270 for channel [id: 0xe9c7c46b, L:/127.0.0.1:40926 - R:localhost/127.0.0.1:11270]
13:17:36.780 [Forwarding clickElement on session 6dd95b39c962feb19c3b7c819eb02852 to remote] DEBUG org.asynchttpclient.netty.request.NettyRequestSender -- Using pooled Channel '[id: 0xe9c7c46b, L:/127.0.0.1:40926 - R:localhost/127.0.0.1:11270]' for 'POST' to 'http://localhost:11270/session/6dd95b39c962feb19c3b7c819eb02852/element/FD645F73A6ABA33AE6537AC8C052D340_element_7/click'
13:17:36.780 [Forwarding clickElement on session 6dd95b39c962feb19c3b7c819eb02852 to remote] DEBUG org.asynchttpclient.netty.request.NettyRequestSender -- Using open Channel [id: 0xe9c7c46b, L:/127.0.0.1:40926 - R:localhost/127.0.0.1:11270] for POST '/session/6dd95b39c962feb19c3b7c819eb02852/element/FD645F73A6ABA33AE6537AC8C052D340_element_7/click'
13:17:36.823 [AsyncHttpClient-1-5] DEBUG org.asynchttpclient.netty.handler.HttpHandler -- 

Request DefaultHttpRequest(decodeResult: success, version: HTTP/1.1)
POST /session/6dd95b39c962feb19c3b7c819eb02852/element/FD645F73A6ABA33AE6537AC8C052D340_element_7/click HTTP/1.1
User-Agent: selenium/4.8.1 (java unix)
Content-Length: 56
Content-Type: application/json; charset=utf-8
host: localhost:11270
accept: */*

Response DefaultHttpResponse(decodeResult: success, version: HTTP/1.1)
HTTP/1.1 200 OK
Content-Length: 14
Content-Type: application/json; charset=utf-8
cache-control: no-cache

13:17:36.823 [AsyncHttpClient-1-5] DEBUG org.asynchttpclient.netty.channel.ChannelManager -- Adding key: http://localhost:11270 for channel [id: 0xe9c7c46b, L:/127.0.0.1:40926 - R:localhost/127.0.0.1:11270]
13:17:36.825 [Forwarding findElement on session 6dd95b39c962feb19c3b7c819eb02852 to remote] DEBUG org.asynchttpclient.netty.request.NettyRequestSender -- Using pooled Channel '[id: 0xe9c7c46b, L:/127.0.0.1:40926 - R:localhost/127.0.0.1:11270]' for 'POST' to 'http://localhost:11270/session/6dd95b39c962feb19c3b7c819eb02852/element'
13:17:36.825 [Forwarding findElement on session 6dd95b39c962feb19c3b7c819eb02852 to remote] DEBUG org.asynchttpclient.netty.request.NettyRequestSender -- Using open Channel [id: 0xe9c7c46b, L:/127.0.0.1:40926 - R:localhost/127.0.0.1:11270] for POST '/session/6dd95b39c962feb19c3b7c819eb02852/element'
13:17:36.831 [AsyncHttpClient-1-5] DEBUG org.asynchttpclient.netty.handler.HttpHandler -- 

Request DefaultHttpRequest(decodeResult: success, version: HTTP/1.1)
POST /session/6dd95b39c962feb19c3b7c819eb02852/element HTTP/1.1
User-Agent: selenium/4.8.1 (java unix)
Content-Length: 60
Content-Type: application/json; charset=utf-8
host: localhost:11270
accept: */*

Response DefaultHttpResponse(decodeResult: success, version: HTTP/1.1)
HTTP/1.1 200 OK
Content-Length: 94
Content-Type: application/json; charset=utf-8
cache-control: no-cache

13:17:36.831 [AsyncHttpClient-1-5] DEBUG org.asynchttpclient.netty.channel.ChannelManager -- Adding key: http://localhost:11270 for channel [id: 0xe9c7c46b, L:/127.0.0.1:40926 - R:localhost/127.0.0.1:11270]
13:17:36.832 [Forwarding findChildElement on session 6dd95b39c962feb19c3b7c819eb02852 to remote] DEBUG org.asynchttpclient.netty.request.NettyRequestSender -- Using pooled Channel '[id: 0xe9c7c46b, L:/127.0.0.1:40926 - R:localhost/127.0.0.1:11270]' for 'POST' to 'http://localhost:11270/session/6dd95b39c962feb19c3b7c819eb02852/element/FD645F73A6ABA33AE6537AC8C052D340_element_7/element'
13:17:36.832 [Forwarding findChildElement on session 6dd95b39c962feb19c3b7c819eb02852 to remote] DEBUG org.asynchttpclient.netty.request.NettyRequestSender -- Using open Channel [id: 0xe9c7c46b, L:/127.0.0.1:40926 - R:localhost/127.0.0.1:11270] for POST '/session/6dd95b39c962feb19c3b7c819eb02852/element/FD645F73A6ABA33AE6537AC8C052D340_element_7/element'
13:17:36.842 [AsyncHttpClient-1-5] DEBUG org.asynchttpclient.netty.handler.HttpHandler -- 

Request DefaultHttpRequest(decodeResult: success, version: HTTP/1.1)
POST /session/6dd95b39c962feb19c3b7c819eb02852/element/FD645F73A6ABA33AE6537AC8C052D340_element_7/element HTTP/1.1
User-Agent: selenium/4.8.1 (java unix)
Content-Length: 122
Content-Type: application/json; charset=utf-8
host: localhost:11270
accept: */*

Response DefaultHttpResponse(decodeResult: success, version: HTTP/1.1)
HTTP/1.1 200 OK
Content-Length: 94
Content-Type: application/json; charset=utf-8
cache-control: no-cache

13:17:36.842 [AsyncHttpClient-1-5] DEBUG org.asynchttpclient.netty.channel.ChannelManager -- Adding key: http://localhost:11270 for channel [id: 0xe9c7c46b, L:/127.0.0.1:40926 - R:localhost/127.0.0.1:11270]
13:17:36.843 [Forwarding clickElement on session 6dd95b39c962feb19c3b7c819eb02852 to remote] DEBUG org.asynchttpclient.netty.request.NettyRequestSender -- Using pooled Channel '[id: 0xe9c7c46b, L:/127.0.0.1:40926 - R:localhost/127.0.0.1:11270]' for 'POST' to 'http://localhost:11270/session/6dd95b39c962feb19c3b7c819eb02852/element/FD645F73A6ABA33AE6537AC8C052D340_element_9/click'
13:17:36.844 [Forwarding clickElement on session 6dd95b39c962feb19c3b7c819eb02852 to remote] DEBUG org.asynchttpclient.netty.request.NettyRequestSender -- Using open Channel [id: 0xe9c7c46b, L:/127.0.0.1:40926 - R:localhost/127.0.0.1:11270] for POST '/session/6dd95b39c962feb19c3b7c819eb02852/element/FD645F73A6ABA33AE6537AC8C052D340_element_9/click'
13:17:36.857 [AsyncHttpClient-1-5] DEBUG org.asynchttpclient.netty.handler.HttpHandler -- 

Request DefaultHttpRequest(decodeResult: success, version: HTTP/1.1)
POST /session/6dd95b39c962feb19c3b7c819eb02852/element/FD645F73A6ABA33AE6537AC8C052D340_element_9/click HTTP/1.1
User-Agent: selenium/4.8.1 (java unix)
Content-Length: 56
Content-Type: application/json; charset=utf-8
host: localhost:11270
accept: */*

Response DefaultHttpResponse(decodeResult: success, version: HTTP/1.1)
HTTP/1.1 200 OK
Content-Length: 14
Content-Type: application/json; charset=utf-8
cache-control: no-cache

13:17:36.857 [AsyncHttpClient-1-5] DEBUG org.asynchttpclient.netty.channel.ChannelManager -- Adding key: http://localhost:11270 for channel [id: 0xe9c7c46b, L:/127.0.0.1:40926 - R:localhost/127.0.0.1:11270]
  &amp#27;[32mAnd &amp#27;[0m&amp#27;[32mI choose my departure city &amp#27;[0m&amp#27;[32m&amp#27;[1m'Mexico City'&amp#27;[0m&amp#27;[32m and my destination city &amp#27;[0m&amp#27;[32m&amp#27;[1m'Cairo'&amp#27;[0m &amp#27;[90m# pt.tqs.ReserveFlightStepst.chooseCities(java.lang.String,java.lang.String)&amp#27;[0m
13:17:36.858 [Forwarding findElement on session 6dd95b39c962feb19c3b7c819eb02852 to remote] DEBUG org.asynchttpclient.netty.request.NettyRequestSender -- Using pooled Channel '[id: 0xe9c7c46b, L:/127.0.0.1:40926 - R:localhost/127.0.0.1:11270]' for 'POST' to 'http://localhost:11270/session/6dd95b39c962feb19c3b7c819eb02852/element'
13:17:36.859 [Forwarding findElement on session 6dd95b39c962feb19c3b7c819eb02852 to remote] DEBUG org.asynchttpclient.netty.request.NettyRequestSender -- Using open Channel [id: 0xe9c7c46b, L:/127.0.0.1:40926 - R:localhost/127.0.0.1:11270] for POST '/session/6dd95b39c962feb19c3b7c819eb02852/element'
13:17:36.866 [AsyncHttpClient-1-5] DEBUG org.asynchttpclient.netty.handler.HttpHandler -- 

Request DefaultHttpRequest(decodeResult: success, version: HTTP/1.1)
POST /session/6dd95b39c962feb19c3b7c819eb02852/element HTTP/1.1
User-Agent: selenium/4.8.1 (java unix)
Content-Length: 56
Content-Type: application/json; charset=utf-8
host: localhost:11270
accept: */*

Response DefaultHttpResponse(decodeResult: success, version: HTTP/1.1)
HTTP/1.1 200 OK
Content-Length: 95
Content-Type: application/json; charset=utf-8
cache-control: no-cache

13:17:36.867 [AsyncHttpClient-1-5] DEBUG org.asynchttpclient.netty.channel.ChannelManager -- Adding key: http://localhost:11270 for channel [id: 0xe9c7c46b, L:/127.0.0.1:40926 - R:localhost/127.0.0.1:11270]
13:17:36.868 [Forwarding clickElement on session 6dd95b39c962feb19c3b7c819eb02852 to remote] DEBUG org.asynchttpclient.netty.request.NettyRequestSender -- Using pooled Channel '[id: 0xe9c7c46b, L:/127.0.0.1:40926 - R:localhost/127.0.0.1:11270]' for 'POST' to 'http://localhost:11270/session/6dd95b39c962feb19c3b7c819eb02852/element/FD645F73A6ABA33AE6537AC8C052D340_element_10/click'
13:17:36.868 [Forwarding clickElement on session 6dd95b39c962feb19c3b7c819eb02852 to remote] DEBUG org.asynchttpclient.netty.request.NettyRequestSender -- Using open Channel [id: 0xe9c7c46b, L:/127.0.0.1:40926 - R:localhost/127.0.0.1:11270] for POST '/session/6dd95b39c962feb19c3b7c819eb02852/element/FD645F73A6ABA33AE6537AC8C052D340_element_10/click'
13:17:37.150 [AsyncHttpClient-1-1] DEBUG org.asynchttpclient.netty.channel.DefaultChannelPool -- Entry count for : http://localhost:10163 : 1
13:17:37.151 [AsyncHttpClient-1-1] DEBUG org.asynchttpclient.netty.channel.DefaultChannelPool -- Entry count for : http://localhost:43443 : 1
13:17:37.151 [AsyncHttpClient-1-1] DEBUG org.asynchttpclient.netty.channel.DefaultChannelPool -- Entry count for : http://localhost:42599 : 1
13:17:37.196 [AsyncHttpClient-1-5] DEBUG org.asynchttpclient.netty.handler.HttpHandler -- 

Request DefaultHttpRequest(decodeResult: success, version: HTTP/1.1)
POST /session/6dd95b39c962feb19c3b7c819eb02852/element/FD645F73A6ABA33AE6537AC8C052D340_element_10/click HTTP/1.1
User-Agent: selenium/4.8.1 (java unix)
Content-Length: 57
Content-Type: application/json; charset=utf-8
host: localhost:11270
accept: */*

Response DefaultHttpResponse(decodeResult: success, version: HTTP/1.1)
HTTP/1.1 200 OK
Content-Length: 14
Content-Type: application/json; charset=utf-8
cache-control: no-cache

13:17:37.196 [AsyncHttpClient-1-5] DEBUG org.asynchttpclient.netty.channel.ChannelManager -- Adding key: http://localhost:11270 for channel [id: 0xe9c7c46b, L:/127.0.0.1:40926 - R:localhost/127.0.0.1:11270]
  &amp#27;[32mAnd &amp#27;[0m&amp#27;[32mI click Find Flights button&amp#27;[0m                                              &amp#27;[90m# pt.tqs.ReserveFlightStepst.findFlights()&amp#27;[0m
13:17:37.198 [Forwarding findElement on session 6dd95b39c962feb19c3b7c819eb02852 to remote] DEBUG org.asynchttpclient.netty.request.NettyRequestSender -- Using pooled Channel '[id: 0xe9c7c46b, L:/127.0.0.1:40926 - R:localhost/127.0.0.1:11270]' for 'POST' to 'http://localhost:11270/session/6dd95b39c962feb19c3b7c819eb02852/element'
13:17:37.198 [Forwarding findElement on session 6dd95b39c962feb19c3b7c819eb02852 to remote] DEBUG org.asynchttpclient.netty.request.NettyRequestSender -- Using open Channel [id: 0xe9c7c46b, L:/127.0.0.1:40926 - R:localhost/127.0.0.1:11270] for POST '/session/6dd95b39c962feb19c3b7c819eb02852/element'
13:17:37.233 [AsyncHttpClient-1-5] DEBUG org.asynchttpclient.netty.handler.HttpHandler -- 

Request DefaultHttpRequest(decodeResult: success, version: HTTP/1.1)
POST /session/6dd95b39c962feb19c3b7c819eb02852/element HTTP/1.1
User-Agent: selenium/4.8.1 (java unix)
Content-Length: 46
Content-Type: application/json; charset=utf-8
host: localhost:11270
accept: */*

Response DefaultHttpResponse(decodeResult: success, version: HTTP/1.1)
HTTP/1.1 200 OK
Content-Length: 95
Content-Type: application/json; charset=utf-8
cache-control: no-cache

13:17:37.234 [AsyncHttpClient-1-5] DEBUG org.asynchttpclient.netty.channel.ChannelManager -- Adding key: http://localhost:11270 for channel [id: 0xe9c7c46b, L:/127.0.0.1:40926 - R:localhost/127.0.0.1:11270]
13:17:37.235 [Forwarding getElementText on session 6dd95b39c962feb19c3b7c819eb02852 to remote] DEBUG org.asynchttpclient.netty.request.NettyRequestSender -- Using pooled Channel '[id: 0xe9c7c46b, L:/127.0.0.1:40926 - R:localhost/127.0.0.1:11270]' for 'GET' to 'http://localhost:11270/session/6dd95b39c962feb19c3b7c819eb02852/element/1D95651EA5824BA791D8200996F09716_element_12/text'
13:17:37.235 [Forwarding getElementText on session 6dd95b39c962feb19c3b7c819eb02852 to remote] DEBUG org.asynchttpclient.netty.request.NettyRequestSender -- Using open Channel [id: 0xe9c7c46b, L:/127.0.0.1:40926 - R:localhost/127.0.0.1:11270] for GET '/session/6dd95b39c962feb19c3b7c819eb02852/element/1D95651EA5824BA791D8200996F09716_element_12/text'
13:17:37.247 [AsyncHttpClient-1-5] DEBUG org.asynchttpclient.netty.handler.HttpHandler -- 

Request DefaultFullHttpRequest(decodeResult: success, version: HTTP/1.1, content: EmptyByteBufBE)
GET /session/6dd95b39c962feb19c3b7c819eb02852/element/1D95651EA5824BA791D8200996F09716_element_12/text HTTP/1.1
User-Agent: selenium/4.8.1 (java unix)
Cache-Control: no-cache
Content-Type: application/json; charset=utf-8
host: localhost:11270
accept: */*

Response DefaultHttpResponse(decodeResult: success, version: HTTP/1.1)
HTTP/1.1 200 OK
Content-Length: 46
Content-Type: application/json; charset=utf-8
cache-control: no-cache

13:17:37.247 [AsyncHttpClient-1-5] DEBUG org.asynchttpclient.netty.channel.ChannelManager -- Adding key: http://localhost:11270 for channel [id: 0xe9c7c46b, L:/127.0.0.1:40926 - R:localhost/127.0.0.1:11270]
  &amp#27;[32mAnd &amp#27;[0m&amp#27;[32mPage should say &amp#27;[0m&amp#27;[32m&amp#27;[1m'Flights from Mexico City to Cairo'&amp#27;[0m                      &amp#27;[90m# pt.tqs.ReserveFlightStepst.pageSays(java.lang.String)&amp#27;[0m
13:17:37.248 [Forwarding findElement on session 6dd95b39c962feb19c3b7c819eb02852 to remote] DEBUG org.asynchttpclient.netty.request.NettyRequestSender -- Using pooled Channel '[id: 0xe9c7c46b, L:/127.0.0.1:40926 - R:localhost/127.0.0.1:11270]' for 'POST' to 'http://localhost:11270/session/6dd95b39c962feb19c3b7c819eb02852/element'
13:17:37.249 [Forwarding findElement on session 6dd95b39c962feb19c3b7c819eb02852 to remote] DEBUG org.asynchttpclient.netty.request.NettyRequestSender -- Using open Channel [id: 0xe9c7c46b, L:/127.0.0.1:40926 - R:localhost/127.0.0.1:11270] for POST '/session/6dd95b39c962feb19c3b7c819eb02852/element'
13:17:37.257 [AsyncHttpClient-1-5] DEBUG org.asynchttpclient.netty.handler.HttpHandler -- 

Request DefaultHttpRequest(decodeResult: success, version: HTTP/1.1)
POST /session/6dd95b39c962feb19c3b7c819eb02852/element HTTP/1.1
User-Agent: selenium/4.8.1 (java unix)
Content-Length: 64
Content-Type: application/json; charset=utf-8
host: localhost:11270
accept: */*

Response DefaultHttpResponse(decodeResult: success, version: HTTP/1.1)
HTTP/1.1 200 OK
Content-Length: 95
Content-Type: application/json; charset=utf-8
cache-control: no-cache

13:17:37.257 [AsyncHttpClient-1-5] DEBUG org.asynchttpclient.netty.channel.ChannelManager -- Adding key: http://localhost:11270 for channel [id: 0xe9c7c46b, L:/127.0.0.1:40926 - R:localhost/127.0.0.1:11270]
13:17:37.258 [Forwarding clickElement on session 6dd95b39c962feb19c3b7c819eb02852 to remote] DEBUG org.asynchttpclient.netty.request.NettyRequestSender -- Using pooled Channel '[id: 0xe9c7c46b, L:/127.0.0.1:40926 - R:localhost/127.0.0.1:11270]' for 'POST' to 'http://localhost:11270/session/6dd95b39c962feb19c3b7c819eb02852/element/1D95651EA5824BA791D8200996F09716_element_13/click'
13:17:37.259 [Forwarding clickElement on session 6dd95b39c962feb19c3b7c819eb02852 to remote] DEBUG org.asynchttpclient.netty.request.NettyRequestSender -- Using open Channel [id: 0xe9c7c46b, L:/127.0.0.1:40926 - R:localhost/127.0.0.1:11270] for POST '/session/6dd95b39c962feb19c3b7c819eb02852/element/1D95651EA5824BA791D8200996F09716_element_13/click'
13:17:37.667 [AsyncHttpClient-1-5] DEBUG org.asynchttpclient.netty.handler.HttpHandler -- 

Request DefaultHttpRequest(decodeResult: success, version: HTTP/1.1)
POST /session/6dd95b39c962feb19c3b7c819eb02852/element/1D95651EA5824BA791D8200996F09716_element_13/click HTTP/1.1
User-Agent: selenium/4.8.1 (java unix)
Content-Length: 57
Content-Type: application/json; charset=utf-8
host: localhost:11270
accept: */*

Response DefaultHttpResponse(decodeResult: success, version: HTTP/1.1)
HTTP/1.1 200 OK
Content-Length: 14
Content-Type: application/json; charset=utf-8
cache-control: no-cache

13:17:37.667 [AsyncHttpClient-1-5] DEBUG org.asynchttpclient.netty.channel.ChannelManager -- Adding key: http://localhost:11270 for channel [id: 0xe9c7c46b, L:/127.0.0.1:40926 - R:localhost/127.0.0.1:11270]
  &amp#27;[32mAnd &amp#27;[0m&amp#27;[32mI choose a flight and click the button&amp#27;[0m                                   &amp#27;[90m# pt.tqs.ReserveFlightStepst.chooseFlight()&amp#27;[0m
13:17:37.669 [Forwarding findElement on session 6dd95b39c962feb19c3b7c819eb02852 to remote] DEBUG org.asynchttpclient.netty.request.NettyRequestSender -- Using pooled Channel '[id: 0xe9c7c46b, L:/127.0.0.1:40926 - R:localhost/127.0.0.1:11270]' for 'POST' to 'http://localhost:11270/session/6dd95b39c962feb19c3b7c819eb02852/element'
13:17:37.669 [Forwarding findElement on session 6dd95b39c962feb19c3b7c819eb02852 to remote] DEBUG org.asynchttpclient.netty.request.NettyRequestSender -- Using open Channel [id: 0xe9c7c46b, L:/127.0.0.1:40926 - R:localhost/127.0.0.1:11270] for POST '/session/6dd95b39c962feb19c3b7c819eb02852/element'
13:17:37.679 [AsyncHttpClient-1-5] DEBUG org.asynchttpclient.netty.handler.HttpHandler -- 

Request DefaultHttpRequest(decodeResult: success, version: HTTP/1.1)
POST /session/6dd95b39c962feb19c3b7c819eb02852/element HTTP/1.1
User-Agent: selenium/4.8.1 (java unix)
Content-Length: 54
Content-Type: application/json; charset=utf-8
host: localhost:11270
accept: */*

Response DefaultHttpResponse(decodeResult: success, version: HTTP/1.1)
HTTP/1.1 200 OK
Content-Length: 95
Content-Type: application/json; charset=utf-8
cache-control: no-cache

13:17:37.680 [AsyncHttpClient-1-5] DEBUG org.asynchttpclient.netty.channel.ChannelManager -- Adding key: http://localhost:11270 for channel [id: 0xe9c7c46b, L:/127.0.0.1:40926 - R:localhost/127.0.0.1:11270]
13:17:37.681 [Forwarding sendKeysToElement on session 6dd95b39c962feb19c3b7c819eb02852 to remote] DEBUG org.asynchttpclient.netty.request.NettyRequestSender -- Using pooled Channel '[id: 0xe9c7c46b, L:/127.0.0.1:40926 - R:localhost/127.0.0.1:11270]' for 'POST' to 'http://localhost:11270/session/6dd95b39c962feb19c3b7c819eb02852/element/730AAEA76281086E92569EF66147A835_element_16/value'
13:17:37.681 [Forwarding sendKeysToElement on session 6dd95b39c962feb19c3b7c819eb02852 to remote] DEBUG org.asynchttpclient.netty.request.NettyRequestSender -- Using open Channel [id: 0xe9c7c46b, L:/127.0.0.1:40926 - R:localhost/127.0.0.1:11270] for POST '/session/6dd95b39c962feb19c3b7c819eb02852/element/730AAEA76281086E92569EF66147A835_element_16/value'
13:17:37.721 [AsyncHttpClient-1-5] DEBUG org.asynchttpclient.netty.handler.HttpHandler -- 

Request DefaultHttpRequest(decodeResult: success, version: HTTP/1.1)
POST /session/6dd95b39c962feb19c3b7c819eb02852/element/730AAEA76281086E92569EF66147A835_element_16/value HTTP/1.1
User-Agent: selenium/4.8.1 (java unix)
Content-Length: 258
Content-Type: application/json; charset=utf-8
host: localhost:11270
accept: */*

Response DefaultHttpResponse(decodeResult: success, version: HTTP/1.1)
HTTP/1.1 200 OK
Content-Length: 14
Content-Type: application/json; charset=utf-8
cache-control: no-cache

13:17:37.722 [AsyncHttpClient-1-5] DEBUG org.asynchttpclient.netty.channel.ChannelManager -- Adding key: http://localhost:11270 for channel [id: 0xe9c7c46b, L:/127.0.0.1:40926 - R:localhost/127.0.0.1:11270]
  &amp#27;[32mAnd &amp#27;[0m&amp#27;[32mI fill in my name as &amp#27;[0m&amp#27;[32m&amp#27;[1m'Cristiano Ronaldo'&amp#27;[0m                                 &amp#27;[90m# pt.tqs.ReserveFlightStepst.fillName(java.lang.String)&amp#27;[0m
13:17:37.723 [Forwarding findElement on session 6dd95b39c962feb19c3b7c819eb02852 to remote] DEBUG org.asynchttpclient.netty.request.NettyRequestSender -- Using pooled Channel '[id: 0xe9c7c46b, L:/127.0.0.1:40926 - R:localhost/127.0.0.1:11270]' for 'POST' to 'http://localhost:11270/session/6dd95b39c962feb19c3b7c819eb02852/element'
13:17:37.723 [Forwarding findElement on session 6dd95b39c962feb19c3b7c819eb02852 to remote] DEBUG org.asynchttpclient.netty.request.NettyRequestSender -- Using open Channel [id: 0xe9c7c46b, L:/127.0.0.1:40926 - R:localhost/127.0.0.1:11270] for POST '/session/6dd95b39c962feb19c3b7c819eb02852/element'
13:17:37.732 [AsyncHttpClient-1-5] DEBUG org.asynchttpclient.netty.handler.HttpHandler -- 

Request DefaultHttpRequest(decodeResult: success, version: HTTP/1.1)
POST /session/6dd95b39c962feb19c3b7c819eb02852/element HTTP/1.1
User-Agent: selenium/4.8.1 (java unix)
Content-Length: 49
Content-Type: application/json; charset=utf-8
host: localhost:11270
accept: */*

Response DefaultHttpResponse(decodeResult: success, version: HTTP/1.1)
HTTP/1.1 200 OK
Content-Length: 95
Content-Type: application/json; charset=utf-8
cache-control: no-cache

13:17:37.732 [AsyncHttpClient-1-5] DEBUG org.asynchttpclient.netty.channel.ChannelManager -- Adding key: http://localhost:11270 for channel [id: 0xe9c7c46b, L:/127.0.0.1:40926 - R:localhost/127.0.0.1:11270]
13:17:37.734 [Forwarding sendKeysToElement on session 6dd95b39c962feb19c3b7c819eb02852 to remote] DEBUG org.asynchttpclient.netty.request.NettyRequestSender -- Using pooled Channel '[id: 0xe9c7c46b, L:/127.0.0.1:40926 - R:localhost/127.0.0.1:11270]' for 'POST' to 'http://localhost:11270/session/6dd95b39c962feb19c3b7c819eb02852/element/730AAEA76281086E92569EF66147A835_element_20/value'
13:17:37.734 [Forwarding sendKeysToElement on session 6dd95b39c962feb19c3b7c819eb02852 to remote] DEBUG org.asynchttpclient.netty.request.NettyRequestSender -- Using open Channel [id: 0xe9c7c46b, L:/127.0.0.1:40926 - R:localhost/127.0.0.1:11270] for POST '/session/6dd95b39c962feb19c3b7c819eb02852/element/730AAEA76281086E92569EF66147A835_element_20/value'
13:17:37.770 [AsyncHttpClient-1-5] DEBUG org.asynchttpclient.netty.handler.HttpHandler -- 

Request DefaultHttpRequest(decodeResult: success, version: HTTP/1.1)
POST /session/6dd95b39c962feb19c3b7c819eb02852/element/730AAEA76281086E92569EF66147A835_element_20/value HTTP/1.1
User-Agent: selenium/4.8.1 (java unix)
Content-Length: 208
Content-Type: application/json; charset=utf-8
host: localhost:11270
accept: */*

Response DefaultHttpResponse(decodeResult: success, version: HTTP/1.1)
HTTP/1.1 200 OK
Content-Length: 14
Content-Type: application/json; charset=utf-8
cache-control: no-cache

13:17:37.770 [AsyncHttpClient-1-5] DEBUG org.asynchttpclient.netty.channel.ChannelManager -- Adding key: http://localhost:11270 for channel [id: 0xe9c7c46b, L:/127.0.0.1:40926 - R:localhost/127.0.0.1:11270]
  &amp#27;[32mAnd &amp#27;[0m&amp#27;[32mI fill in my city as &amp#27;[0m&amp#27;[32m&amp#27;[1m'Madeira City'&amp#27;[0m                                      &amp#27;[90m# pt.tqs.ReserveFlightStepst.fillCity(java.lang.String)&amp#27;[0m
13:17:37.772 [Forwarding findElement on session 6dd95b39c962feb19c3b7c819eb02852 to remote] DEBUG org.asynchttpclient.netty.request.NettyRequestSender -- Using pooled Channel '[id: 0xe9c7c46b, L:/127.0.0.1:40926 - R:localhost/127.0.0.1:11270]' for 'POST' to 'http://localhost:11270/session/6dd95b39c962feb19c3b7c819eb02852/element'
13:17:37.772 [Forwarding findElement on session 6dd95b39c962feb19c3b7c819eb02852 to remote] DEBUG org.asynchttpclient.netty.request.NettyRequestSender -- Using open Channel [id: 0xe9c7c46b, L:/127.0.0.1:40926 - R:localhost/127.0.0.1:11270] for POST '/session/6dd95b39c962feb19c3b7c819eb02852/element'
13:17:37.777 [AsyncHttpClient-1-5] DEBUG org.asynchttpclient.netty.handler.HttpHandler -- 

Request DefaultHttpRequest(decodeResult: success, version: HTTP/1.1)
POST /session/6dd95b39c962feb19c3b7c819eb02852/element HTTP/1.1
User-Agent: selenium/4.8.1 (java unix)
Content-Length: 56
Content-Type: application/json; charset=utf-8
host: localhost:11270
accept: */*

Response DefaultHttpResponse(decodeResult: success, version: HTTP/1.1)
HTTP/1.1 200 OK
Content-Length: 95
Content-Type: application/json; charset=utf-8
cache-control: no-cache

13:17:37.778 [AsyncHttpClient-1-5] DEBUG org.asynchttpclient.netty.channel.ChannelManager -- Adding key: http://localhost:11270 for channel [id: 0xe9c7c46b, L:/127.0.0.1:40926 - R:localhost/127.0.0.1:11270]
13:17:37.782 [Forwarding clickElement on session 6dd95b39c962feb19c3b7c819eb02852 to remote] DEBUG org.asynchttpclient.netty.request.NettyRequestSender -- Using pooled Channel '[id: 0xe9c7c46b, L:/127.0.0.1:40926 - R:localhost/127.0.0.1:11270]' for 'POST' to 'http://localhost:11270/session/6dd95b39c962feb19c3b7c819eb02852/element/730AAEA76281086E92569EF66147A835_element_21/click'
13:17:37.782 [Forwarding clickElement on session 6dd95b39c962feb19c3b7c819eb02852 to remote] DEBUG org.asynchttpclient.netty.request.NettyRequestSender -- Using open Channel [id: 0xe9c7c46b, L:/127.0.0.1:40926 - R:localhost/127.0.0.1:11270] for POST '/session/6dd95b39c962feb19c3b7c819eb02852/element/730AAEA76281086E92569EF66147A835_element_21/click'
13:17:38.251 [AsyncHttpClient-1-1] DEBUG org.asynchttpclient.netty.channel.DefaultChannelPool -- Entry count for : http://localhost:10163 : 1
13:17:38.251 [AsyncHttpClient-1-1] DEBUG org.asynchttpclient.netty.channel.DefaultChannelPool -- Entry count for : http://localhost:43443 : 1
13:17:38.251 [AsyncHttpClient-1-1] DEBUG org.asynchttpclient.netty.channel.DefaultChannelPool -- Entry count for : http://localhost:42599 : 1
13:17:38.476 [AsyncHttpClient-1-5] DEBUG org.asynchttpclient.netty.handler.HttpHandler -- 

Request DefaultHttpRequest(decodeResult: success, version: HTTP/1.1)
POST /session/6dd95b39c962feb19c3b7c819eb02852/element/730AAEA76281086E92569EF66147A835_element_21/click HTTP/1.1
User-Agent: selenium/4.8.1 (java unix)
Content-Length: 57
Content-Type: application/json; charset=utf-8
host: localhost:11270
accept: */*

Response DefaultHttpResponse(decodeResult: success, version: HTTP/1.1)
HTTP/1.1 200 OK
Content-Length: 14
Content-Type: application/json; charset=utf-8
cache-control: no-cache

13:17:38.477 [AsyncHttpClient-1-5] DEBUG org.asynchttpclient.netty.channel.ChannelManager -- Adding key: http://localhost:11270 for channel [id: 0xe9c7c46b, L:/127.0.0.1:40926 - R:localhost/127.0.0.1:11270]
  &amp#27;[32mAnd &amp#27;[0m&amp#27;[32mI click Purchase Flight button&amp#27;[0m                                           &amp#27;[90m# pt.tqs.ReserveFlightStepst.purchaseFlight()&amp#27;[0m
13:17:38.478 [Forwarding getTitle on session 6dd95b39c962feb19c3b7c819eb02852 to remote] DEBUG org.asynchttpclient.netty.request.NettyRequestSender -- Using pooled Channel '[id: 0xe9c7c46b, L:/127.0.0.1:40926 - R:localhost/127.0.0.1:11270]' for 'GET' to 'http://localhost:11270/session/6dd95b39c962feb19c3b7c819eb02852/title'
13:17:38.478 [Forwarding getTitle on session 6dd95b39c962feb19c3b7c819eb02852 to remote] DEBUG org.asynchttpclient.netty.request.NettyRequestSender -- Using open Channel [id: 0xe9c7c46b, L:/127.0.0.1:40926 - R:localhost/127.0.0.1:11270] for GET '/session/6dd95b39c962feb19c3b7c819eb02852/title'
13:17:38.482 [AsyncHttpClient-1-5] DEBUG org.asynchttpclient.netty.handler.HttpHandler -- 

Request DefaultFullHttpRequest(decodeResult: success, version: HTTP/1.1, content: EmptyByteBufBE)
GET /session/6dd95b39c962feb19c3b7c819eb02852/title HTTP/1.1
User-Agent: selenium/4.8.1 (java unix)
Cache-Control: no-cache
Content-Type: application/json; charset=utf-8
host: localhost:11270
accept: */*

Response DefaultHttpResponse(decodeResult: success, version: HTTP/1.1)
HTTP/1.1 200 OK
Content-Length: 34
Content-Type: application/json; charset=utf-8
cache-control: no-cache

13:17:38.482 [AsyncHttpClient-1-5] DEBUG org.asynchttpclient.netty.channel.ChannelManager -- Adding key: http://localhost:11270 for channel [id: 0xe9c7c46b, L:/127.0.0.1:40926 - R:localhost/127.0.0.1:11270]
  &amp#27;[32mThen &amp#27;[0m&amp#27;[32mPage title should be &amp#27;[0m&amp#27;[32m&amp#27;[1m'BlazeDemo Confirmation'&amp#27;[0m                           &amp#27;[90m# pt.tqs.ReserveFlightStepst.assertTitle(java.lang.String)&amp#27;[0m
]]></system-out>
    <system-err><![CDATA[Starting ChromeDriver 114.0.5735.90 (386bc09e8f4f2e025eddae123f36f6263096ae49-refs/branch-heads/5735@{#1052}) on port 11270
Only local connections are allowed.
Please see https://chromedriver.chromium.org/security-considerations for suggestions on keeping ChromeDriver safe.
ChromeDriver was started successfully.
mar. 16, 2024 1:17:35 DA TARDE org.openqa.selenium.devtools.CdpVersionFinder findNearestMatch
WARNING: Unable to find an exact match for CDP version 114, so returning the closest version found: 110
]]></system-err>
  </testcase>
</testsuite>